D:\software\vs\Common7\IDE\VC\VCTargets\Microsoft.CppBuild.targets(376,5): warning MSB8004: Intermediate 目录未以斜杠结尾。  此生成实例将添加斜杠，因为必须有这个斜杠才能正确计算 Intermediate 目录。
D:\software\vs\Common7\IDE\VC\VCTargets\Microsoft.CppBuild.targets(377,5): warning MSB8004: Output 目录未以斜杠结尾。  此生成实例将添加斜杠，因为必须有这个斜杠才能正确计算 Output 目录。
  Reading Qt configuration (D:/software/Qt5.14.1/5.14.1/msvc2017/bin/qmake)
D:\software\vs\Common7\IDE\VC\VCTargets\Microsoft.CppBuild.targets(376,5): warning MSB8004: Intermediate 目录未以斜杠结尾。  此生成实例将添加斜杠，因为必须有这个斜杠才能正确计算 Intermediate 目录。
D:\software\vs\Common7\IDE\VC\VCTargets\Microsoft.CppBuild.targets(377,5): warning MSB8004: Output 目录未以斜杠结尾。  此生成实例将添加斜杠，因为必须有这个斜杠才能正确计算 Output 目录。
  uic FlashWgt.ui
  uic SingleWgt.ui
  moc WriteLog.h
  moc SingleWgt.h
  moc SerialThread.h
  moc RingsProgressBar.h
  moc ArrowWorkChartWgt.h
  moc CheckAvailablePort.h
  moc FlashWgt.h
  moc FlashPlugin.h
  ArrowWorkChartWgt.cpp
  CheckAvailablePort.cpp
  FlashWgt.cpp
  Packet.cpp
  RingsProgressBar.cpp
  SerialThread.cpp
d:\worksvn\trunk\code\tools_pc\softloader\04.code\softloader\flashplugin\def.h : warning C4819: 该文件包含不能在当前代码页(936)中表示的字符。请将该文件保存为 Unicode 格式以防止数据丢失 (编译源文件 Packet.cpp)
d:\worksvn\trunk\code\tools_pc\softloader\04.code\softloader\flashplugin\def.h : warning C4819: 该文件包含不能在当前代码页(936)中表示的字符。请将该文件保存为 Unicode 格式以防止数据丢失 (编译源文件 SerialThread.cpp)
d:\worksvn\trunk\code\tools_pc\softloader\04.code\softloader\flashplugin\def.h : warning C4819: 该文件包含不能在当前代码页(936)中表示的字符。请将该文件保存为 Unicode 格式以防止数据丢失 (编译源文件 CheckAvailablePort.cpp)
d:\worksvn\trunk\code\tools_pc\softloader\04.code\softloader\flashplugin\def.h : warning C4819: 该文件包含不能在当前代码页(936)中表示的字符。请将该文件保存为 Unicode 格式以防止数据丢失 (编译源文件 FlashWgt.cpp)
  SingleWgt.cpp
  WriteLog.cpp
  FlashPlugin.cpp
d:\worksvn\trunk\code\tools_pc\softloader\04.code\softloader\flashplugin\def.h : warning C4819: 该文件包含不能在当前代码页(936)中表示的字符。请将该文件保存为 Unicode 格式以防止数据丢失 (编译源文件 SingleWgt.cpp)
d:\worksvn\trunk\code\tools_pc\softloader\04.code\softloader\flashplugin\def.h : warning C4819: 该文件包含不能在当前代码页(936)中表示的字符。请将该文件保存为 Unicode 格式以防止数据丢失 (编译源文件 FlashPlugin.cpp)
  moc_WriteLog.cpp
  moc_SingleWgt.cpp
  moc_SerialThread.cpp
  moc_RingsProgressBar.cpp
  moc_ArrowWorkChartWgt.cpp
  moc_CheckAvailablePort.cpp
d:\worksvn\trunk\code\tools_pc\softloader\04.code\softloader\flashplugin\def.h : warning C4819: 该文件包含不能在当前代码页(936)中表示的字符。请将该文件保存为 Unicode 格式以防止数据丢失 (编译源文件 ..\temp\plugin\FlashPlugin\moc\moc_SerialThread.cpp)
  moc_FlashWgt.cpp
d:\worksvn\trunk\code\tools_pc\softloader\04.code\softloader\flashplugin\def.h : warning C4819: 该文件包含不能在当前代码页(936)中表示的字符。请将该文件保存为 Unicode 格式以防止数据丢失 (编译源文件 ..\temp\plugin\FlashPlugin\moc\moc_SingleWgt.cpp)
  moc_FlashPlugin.cpp
d:\worksvn\trunk\code\tools_pc\softloader\04.code\softloader\flashplugin\def.h : warning C4819: 该文件包含不能在当前代码页(936)中表示的字符。请将该文件保存为 Unicode 格式以防止数据丢失 (编译源文件 ..\temp\plugin\FlashPlugin\moc\moc_FlashWgt.cpp)
    正在创建库 ..\PluginLib\FlashPlugin.lib 和对象 ..\PluginLib\FlashPlugin.exp
  FlashPlugin.vcxproj -> D:\workSVN\trunk\code\tools_pc\SoftLoader\04.code\SoftLoader\FlashPlugin\..\Bind\Plugin\FlashPlugin.dll
