d:\worksvn\trunk\code\tools_pc\softloader\04.code\softloader\temp\plugin\flashplugin\moc_arrowworkchartwgt.obj
d:\worksvn\trunk\code\tools_pc\softloader\04.code\softloader\temp\plugin\flashplugin\moc_serialthread.obj
d:\worksvn\trunk\code\tools_pc\softloader\04.code\softloader\temp\plugin\flashplugin\moc_checkavailableport.obj
d:\worksvn\trunk\code\tools_pc\softloader\04.code\softloader\temp\plugin\flashplugin\moc_writelog.obj
d:\worksvn\trunk\code\tools_pc\softloader\04.code\softloader\temp\plugin\flashplugin\moc_flashwgt.obj
d:\worksvn\trunk\code\tools_pc\softloader\04.code\softloader\temp\plugin\flashplugin\moc_ringsprogressbar.obj
d:\worksvn\trunk\code\tools_pc\softloader\04.code\softloader\temp\plugin\flashplugin\moc_singlewgt.obj
d:\worksvn\trunk\code\tools_pc\softloader\04.code\softloader\temp\plugin\flashplugin\moc_flashplugin.obj
d:\worksvn\trunk\code\tools_pc\softloader\04.code\softloader\temp\plugin\flashplugin\ringsprogressbar.obj
d:\worksvn\trunk\code\tools_pc\softloader\04.code\softloader\temp\plugin\flashplugin\writelog.obj
d:\worksvn\trunk\code\tools_pc\softloader\04.code\softloader\temp\plugin\flashplugin\packet.obj
d:\worksvn\trunk\code\tools_pc\softloader\04.code\softloader\temp\plugin\flashplugin\singlewgt.obj
d:\worksvn\trunk\code\tools_pc\softloader\04.code\softloader\temp\plugin\flashplugin\checkavailableport.obj
d:\worksvn\trunk\code\tools_pc\softloader\04.code\softloader\temp\plugin\flashplugin\flashwgt.obj
d:\worksvn\trunk\code\tools_pc\softloader\04.code\softloader\temp\plugin\flashplugin\serialthread.obj
d:\worksvn\trunk\code\tools_pc\softloader\04.code\softloader\temp\plugin\flashplugin\arrowworkchartwgt.obj
d:\worksvn\trunk\code\tools_pc\softloader\04.code\softloader\temp\plugin\flashplugin\flashplugin.obj
d:\worksvn\trunk\code\tools_pc\softloader\04.code\softloader\temp\plugin\flashplugin\uic\ui_flashwgt.h
d:\worksvn\trunk\code\tools_pc\softloader\04.code\softloader\temp\plugin\flashplugin\uic\ui_singlewgt.h
d:\worksvn\trunk\code\tools_pc\softloader\04.code\softloader\temp\plugin\flashplugin\moc\moc_writelog.cpp
d:\worksvn\trunk\code\tools_pc\softloader\04.code\softloader\temp\plugin\flashplugin\moc\moc_singlewgt.cpp
d:\worksvn\trunk\code\tools_pc\softloader\04.code\softloader\temp\plugin\flashplugin\moc\moc_serialthread.cpp
d:\worksvn\trunk\code\tools_pc\softloader\04.code\softloader\temp\plugin\flashplugin\moc\moc_ringsprogressbar.cpp
d:\worksvn\trunk\code\tools_pc\softloader\04.code\softloader\temp\plugin\flashplugin\moc\moc_arrowworkchartwgt.cpp
d:\worksvn\trunk\code\tools_pc\softloader\04.code\softloader\temp\plugin\flashplugin\moc\moc_checkavailableport.cpp
d:\worksvn\trunk\code\tools_pc\softloader\04.code\softloader\temp\plugin\flashplugin\moc\moc_flashwgt.cpp
d:\worksvn\trunk\code\tools_pc\softloader\04.code\softloader\temp\plugin\flashplugin\moc\moc_flashplugin.cpp
d:\worksvn\trunk\code\tools_pc\softloader\04.code\softloader\pluginlib\flashplugin.lib
d:\worksvn\trunk\code\tools_pc\softloader\04.code\softloader\pluginlib\flashplugin.exp
d:\worksvn\trunk\code\tools_pc\softloader\04.code\softloader\bin\plugin\flashplugin.dll
d:\worksvn\trunk\code\tools_pc\softloader\04.code\softloader\flashplugin\..\temp\plugin\flashplugin\moc\moc_writelog.cpp
d:\worksvn\trunk\code\tools_pc\softloader\04.code\softloader\flashplugin\..\temp\plugin\flashplugin\moc\moc_singlewgt.cpp
d:\worksvn\trunk\code\tools_pc\softloader\04.code\softloader\flashplugin\..\temp\plugin\flashplugin\moc\moc_serialthread.cpp
d:\worksvn\trunk\code\tools_pc\softloader\04.code\softloader\flashplugin\..\temp\plugin\flashplugin\moc\moc_ringsprogressbar.cpp
d:\worksvn\trunk\code\tools_pc\softloader\04.code\softloader\flashplugin\..\temp\plugin\flashplugin\moc\moc_arrowworkchartwgt.cpp
d:\worksvn\trunk\code\tools_pc\softloader\04.code\softloader\flashplugin\..\temp\plugin\flashplugin\moc\moc_checkavailableport.cpp
d:\worksvn\trunk\code\tools_pc\softloader\04.code\softloader\flashplugin\..\temp\plugin\flashplugin\moc\moc_flashwgt.cpp
d:\worksvn\trunk\code\tools_pc\softloader\04.code\softloader\flashplugin\..\temp\plugin\flashplugin\moc\moc_flashplugin.cpp
d:\worksvn\trunk\code\tools_pc\softloader\04.code\softloader\flashplugin\..\temp\plugin\flashplugin\uic\ui_flashwgt.h
d:\worksvn\trunk\code\tools_pc\softloader\04.code\softloader\flashplugin\..\temp\plugin\flashplugin\uic\ui_singlewgt.h
d:\worksvn\trunk\code\tools_pc\softloader\04.code\softloader\temp\plugin\flashplugin\flashplugin.tlog\cl.83924.write.1.tlog
d:\worksvn\trunk\code\tools_pc\softloader\04.code\softloader\temp\plugin\flashplugin\flashplugin.tlog\cl.command.1.tlog
d:\worksvn\trunk\code\tools_pc\softloader\04.code\softloader\temp\plugin\flashplugin\flashplugin.tlog\cl.read.1.tlog
d:\worksvn\trunk\code\tools_pc\softloader\04.code\softloader\temp\plugin\flashplugin\flashplugin.tlog\flashplugin.write.1u.tlog
d:\worksvn\trunk\code\tools_pc\softloader\04.code\softloader\temp\plugin\flashplugin\flashplugin.tlog\link.command.1.tlog
d:\worksvn\trunk\code\tools_pc\softloader\04.code\softloader\temp\plugin\flashplugin\flashplugin.tlog\link.read.1.tlog
d:\worksvn\trunk\code\tools_pc\softloader\04.code\softloader\temp\plugin\flashplugin\flashplugin.tlog\link.write.1.tlog
d:\worksvn\trunk\code\tools_pc\softloader\04.code\softloader\temp\plugin\flashplugin\flashplugin.tlog\moc.read.1u.tlog
d:\worksvn\trunk\code\tools_pc\softloader\04.code\softloader\temp\plugin\flashplugin\flashplugin.tlog\moc.write.1u.tlog
d:\worksvn\trunk\code\tools_pc\softloader\04.code\softloader\temp\plugin\flashplugin\flashplugin.tlog\uic.read.1u.tlog
d:\worksvn\trunk\code\tools_pc\softloader\04.code\softloader\temp\plugin\flashplugin\flashplugin.tlog\uic.write.1u.tlog
