c:\mywork\workspace\visualstudio\lockdemo\lockdemo\lockdemo\debug\lockdemo.pch
c:\mywork\workspace\visualstudio\lockdemo\lockdemo\lockdemo\debug\vc120.pdb
c:\mywork\workspace\visualstudio\lockdemo\lockdemo\lockdemo\debug\vc120.idb
c:\mywork\workspace\visualstudio\lockdemo\lockdemo\lockdemo\debug\stdafx.obj
c:\mywork\workspace\visualstudio\lockdemo\lockdemo\lockdemo\debug\common.obj
c:\mywork\workspace\visualstudio\lockdemo\lockdemo\lockdemo\debug\packet.obj
c:\mywork\workspace\visualstudio\lockdemo\lockdemo\lockdemo\debug\pic_deal.obj
c:\mywork\workspace\visualstudio\lockdemo\lockdemo\lockdemo\debug\lockdemo.obj
c:\mywork\workspace\visualstudio\lockdemo\lockdemo\lockdemo\debug\lockdemodlg.obj
c:\mywork\workspace\visualstudio\lockdemo\lockdemo\lockdemo\debug\usb.obj
c:\mywork\workspace\visualstudio\lockdemo\lockdemo\lockdemo\debug\lockdemo.res
c:\mywork\workspace\visualstudio\lockdemo\lockdemo\debug\lockdemo.exe
c:\mywork\workspace\visualstudio\lockdemo\lockdemo\lockdemo\debug\lockdemo.tlog\cl.command.1.tlog
c:\mywork\workspace\visualstudio\lockdemo\lockdemo\lockdemo\debug\lockdemo.tlog\cl.read.1.tlog
c:\mywork\workspace\visualstudio\lockdemo\lockdemo\lockdemo\debug\lockdemo.tlog\cl.write.1.tlog
c:\mywork\workspace\visualstudio\lockdemo\lockdemo\lockdemo\debug\lockdemo.tlog\link.command.1.tlog
c:\mywork\workspace\visualstudio\lockdemo\lockdemo\lockdemo\debug\lockdemo.tlog\link.read.1.tlog
c:\mywork\workspace\visualstudio\lockdemo\lockdemo\lockdemo\debug\lockdemo.tlog\link.write.1.tlog
c:\mywork\workspace\visualstudio\lockdemo\lockdemo\lockdemo\debug\lockdemo.tlog\rc.command.1.tlog
c:\mywork\workspace\visualstudio\lockdemo\lockdemo\lockdemo\debug\lockdemo.tlog\rc.read.1.tlog
c:\mywork\workspace\visualstudio\lockdemo\lockdemo\lockdemo\debug\lockdemo.tlog\rc.write.1.tlog
