D:\software\vs\Common7\IDE\VC\VCTargets\Microsoft.CppBuild.targets(376,5): warning MSB8004: Intermediate 目录未以斜杠结尾。  此生成实例将添加斜杠，因为必须有这个斜杠才能正确计算 Intermediate 目录。
D:\software\vs\Common7\IDE\VC\VCTargets\Microsoft.CppBuild.targets(377,5): warning MSB8004: Output 目录未以斜杠结尾。  此生成实例将添加斜杠，因为必须有这个斜杠才能正确计算 Output 目录。
  Reading Qt configuration (D:/software/Qt5.14.1/5.14.1/msvc2017/bin/qmake)
D:\software\vs\Common7\IDE\VC\VCTargets\Microsoft.CppBuild.targets(376,5): warning MSB8004: Intermediate 目录未以斜杠结尾。  此生成实例将添加斜杠，因为必须有这个斜杠才能正确计算 Intermediate 目录。
D:\software\vs\Common7\IDE\VC\VCTargets\Microsoft.CppBuild.targets(377,5): warning MSB8004: Output 目录未以斜杠结尾。  此生成实例将添加斜杠，因为必须有这个斜杠才能正确计算 Output 目录。
  uic ..\common\serialport\SerialPortDlg.ui
  uic ANCSoft.ui
  uic ANCTool.ui
  uic CalcWgt.ui
  uic LinkDlg.ui
  uic QConfAudioDlg.ui
  uic QConfigAxisDlg.ui
  uic QConfigIO.ui
  uic QConfLineColorDlg.ui
  uic QWaveFilterDlg.ui
  rcc Resource.qrc
  moc SpectrumAnalyser.h
  moc QConfigAxisDlg.h
  moc WaveChart.h
  moc CalcWgt.h
  moc LinkDlg.h
  moc RealTimeEngine.h
  moc QConfAudioDlg.h
  moc QConfigIO.h
  moc ANCSoft.h
  moc QConfLineColorDlg.h
  moc QWaveFilterDlg.h
  moc ANCTool.h
  moc ..\common\serialport\HandleCom.h
  moc ..\common\serialport\SerialPortDlg.h
  moc ..\common\customplot\QAbstractDynamicLinesChart.h
  moc ..\common\customplot\qcustomplot.h
  moc ..\common\customplot\QFreqLinesChart.h
  moc ANCToolPlugin.h
  skv_ulity.cpp
  skv_preprocess.cpp
d:\worksvn\trunk\code\tools_pc\softloader\04.code\softloader\3rd\math\math\skv_math_core.h(93): warning C4005: “Q15ONE”: 宏重定义 (编译源文件 ..\3rd\math\skv\skv_preprocess.cpp)
  d:\worksvn\trunk\code\tools_pc\softloader\04.code\softloader\3rd\math\basic\skv_fixed.h(19): note: 参见“Q15ONE”的前一个定义 (编译源文件 ..\3rd\math\skv\skv_preprocess.cpp)
d:\worksvn\trunk\code\tools_pc\softloader\04.code\softloader\3rd\math\math\skv_math_core.h(94): warning C4005: “LPC_SCALING”: 宏重定义 (编译源文件 ..\3rd\math\skv\skv_preprocess.cpp)
  d:\worksvn\trunk\code\tools_pc\softloader\04.code\softloader\3rd\math\basic\skv_fixed.h(20): note: 参见“LPC_SCALING”的前一个定义 (编译源文件 ..\3rd\math\skv\skv_preprocess.cpp)
d:\worksvn\trunk\code\tools_pc\softloader\04.code\softloader\3rd\math\math\skv_math_core.h(95): warning C4005: “SIG_SCALING”: 宏重定义 (编译源文件 ..\3rd\math\skv\skv_preprocess.cpp)
  d:\worksvn\trunk\code\tools_pc\softloader\04.code\softloader\3rd\math\basic\skv_fixed.h(21): note: 参见“SIG_SCALING”的前一个定义 (编译源文件 ..\3rd\math\skv\skv_preprocess.cpp)
d:\worksvn\trunk\code\tools_pc\softloader\04.code\softloader\3rd\math\math\skv_math_core.h(96): warning C4005: “LSP_SCALING”: 宏重定义 (编译源文件 ..\3rd\math\skv\skv_preprocess.cpp)
  d:\worksvn\trunk\code\tools_pc\softloader\04.code\softloader\3rd\math\basic\skv_fixed.h(22): note: 参见“LSP_SCALING”的前一个定义 (编译源文件 ..\3rd\math\skv\skv_preprocess.cpp)
d:\worksvn\trunk\code\tools_pc\softloader\04.code\softloader\3rd\math\math\skv_math_core.h(97): warning C4005: “GAMMA_SCALING”: 宏重定义 (编译源文件 ..\3rd\math\skv\skv_preprocess.cpp)
  d:\worksvn\trunk\code\tools_pc\softloader\04.code\softloader\3rd\math\basic\skv_fixed.h(23): note: 参见“GAMMA_SCALING”的前一个定义 (编译源文件 ..\3rd\math\skv\skv_preprocess.cpp)
d:\worksvn\trunk\code\tools_pc\softloader\04.code\softloader\3rd\math\math\skv_math_core.h(98): warning C4005: “GAIN_SCALING”: 宏重定义 (编译源文件 ..\3rd\math\skv\skv_preprocess.cpp)
  d:\worksvn\trunk\code\tools_pc\softloader\04.code\softloader\3rd\math\basic\skv_fixed.h(24): note: 参见“GAIN_SCALING”的前一个定义 (编译源文件 ..\3rd\math\skv\skv_preprocess.cpp)
d:\worksvn\trunk\code\tools_pc\softloader\04.code\softloader\3rd\math\math\skv_math_core.h(99): warning C4005: “GAIN_SCALING_1”: 宏重定义 (编译源文件 ..\3rd\math\skv\skv_preprocess.cpp)
  d:\worksvn\trunk\code\tools_pc\softloader\04.code\softloader\3rd\math\basic\skv_fixed.h(25): note: 参见“GAIN_SCALING_1”的前一个定义 (编译源文件 ..\3rd\math\skv\skv_preprocess.cpp)
d:\worksvn\trunk\code\tools_pc\softloader\04.code\softloader\3rd\math\math\skv_math_core.h(102): warning C4005: “VERY_SMALL”: 宏重定义 (编译源文件 ..\3rd\math\skv\skv_preprocess.cpp)
  d:\worksvn\trunk\code\tools_pc\softloader\04.code\softloader\3rd\math\basic\skv_fixed.h(32): note: 参见“VERY_SMALL”的前一个定义 (编译源文件 ..\3rd\math\skv\skv_preprocess.cpp)
d:\worksvn\trunk\code\tools_pc\softloader\04.code\softloader\3rd\math\math\skv_math_core.h(103): warning C4005: “VERY_LARGE32”: 宏重定义 (编译源文件 ..\3rd\math\skv\skv_preprocess.cpp)
  d:\worksvn\trunk\code\tools_pc\softloader\04.code\softloader\3rd\math\basic\skv_fixed.h(33): note: 参见“VERY_LARGE32”的前一个定义 (编译源文件 ..\3rd\math\skv\skv_preprocess.cpp)
d:\worksvn\trunk\code\tools_pc\softloader\04.code\softloader\3rd\math\math\skv_math_core.h(104): warning C4005: “VERY_LARGE16”: 宏重定义 (编译源文件 ..\3rd\math\skv\skv_preprocess.cpp)
  d:\worksvn\trunk\code\tools_pc\softloader\04.code\softloader\3rd\math\basic\skv_fixed.h(34): note: 参见“VERY_LARGE16”的前一个定义 (编译源文件 ..\3rd\math\skv\skv_preprocess.cpp)
d:\worksvn\trunk\code\tools_pc\softloader\04.code\softloader\3rd\math\math\skv_math_core.h(107): warning C4005: “QCONST16”: 宏重定义 (编译源文件 ..\3rd\math\skv\skv_preprocess.cpp)
  d:\worksvn\trunk\code\tools_pc\softloader\04.code\softloader\3rd\math\math\fixed_generic.h(38): note: 参见“QCONST16”的前一个定义 (编译源文件 ..\3rd\math\skv\skv_preprocess.cpp)
d:\worksvn\trunk\code\tools_pc\softloader\04.code\softloader\3rd\math\math\skv_math_core.h(108): warning C4005: “QCONST32”: 宏重定义 (编译源文件 ..\3rd\math\skv\skv_preprocess.cpp)
  d:\worksvn\trunk\code\tools_pc\softloader\04.code\softloader\3rd\math\math\fixed_generic.h(39): note: 参见“QCONST32”的前一个定义 (编译源文件 ..\3rd\math\skv\skv_preprocess.cpp)
d:\worksvn\trunk\code\tools_pc\softloader\04.code\softloader\3rd\math\math\skv_math_core.h(112): warning C4005: “EXTRACT16”: 宏重定义 (编译源文件 ..\3rd\math\skv\skv_preprocess.cpp)
  d:\worksvn\trunk\code\tools_pc\softloader\04.code\softloader\3rd\math\math\fixed_generic.h(43): note: 参见“EXTRACT16”的前一个定义 (编译源文件 ..\3rd\math\skv\skv_preprocess.cpp)
d:\worksvn\trunk\code\tools_pc\softloader\04.code\softloader\3rd\math\math\skv_math_core.h(113): warning C4005: “EXTEND32”: 宏重定义 (编译源文件 ..\3rd\math\skv\skv_preprocess.cpp)
  d:\worksvn\trunk\code\tools_pc\softloader\04.code\softloader\3rd\math\math\fixed_generic.h(44): note: 参见“EXTEND32”的前一个定义 (编译源文件 ..\3rd\math\skv\skv_preprocess.cpp)
d:\worksvn\trunk\code\tools_pc\softloader\04.code\softloader\3rd\math\math\skv_math_core.h(114): warning C4005: “SHR16”: 宏重定义 (编译源文件 ..\3rd\math\skv\skv_preprocess.cpp)
  d:\worksvn\trunk\code\tools_pc\softloader\04.code\softloader\3rd\math\math\fixed_generic.h(45): note: 参见“SHR16”的前一个定义 (编译源文件 ..\3rd\math\skv\skv_preprocess.cpp)
d:\worksvn\trunk\code\tools_pc\softloader\04.code\softloader\3rd\math\math\skv_math_core.h(115): warning C4005: “SHL16”: 宏重定义 (编译源文件 ..\3rd\math\skv\skv_preprocess.cpp)
  d:\worksvn\trunk\code\tools_pc\softloader\04.code\softloader\3rd\math\math\fixed_generic.h(46): note: 参见“SHL16”的前一个定义 (编译源文件 ..\3rd\math\skv\skv_preprocess.cpp)
d:\worksvn\trunk\code\tools_pc\softloader\04.code\softloader\3rd\math\math\skv_math_core.h(116): warning C4005: “SHR32”: 宏重定义 (编译源文件 ..\3rd\math\skv\skv_preprocess.cpp)
  d:\worksvn\trunk\code\tools_pc\softloader\04.code\softloader\3rd\math\math\fixed_generic.h(47): note: 参见“SHR32”的前一个定义 (编译源文件 ..\3rd\math\skv\skv_preprocess.cpp)
d:\worksvn\trunk\code\tools_pc\softloader\04.code\softloader\3rd\math\math\skv_math_core.h(117): warning C4005: “SHL32”: 宏重定义 (编译源文件 ..\3rd\math\skv\skv_preprocess.cpp)
  d:\worksvn\trunk\code\tools_pc\softloader\04.code\softloader\3rd\math\math\fixed_generic.h(48): note: 参见“SHL32”的前一个定义 (编译源文件 ..\3rd\math\skv\skv_preprocess.cpp)
d:\worksvn\trunk\code\tools_pc\softloader\04.code\softloader\3rd\math\math\skv_math_core.h(118): warning C4005: “PSHR16”: 宏重定义 (编译源文件 ..\3rd\math\skv\skv_preprocess.cpp)
  d:\worksvn\trunk\code\tools_pc\softloader\04.code\softloader\3rd\math\math\fixed_generic.h(49): note: 参见“PSHR16”的前一个定义 (编译源文件 ..\3rd\math\skv\skv_preprocess.cpp)
d:\worksvn\trunk\code\tools_pc\softloader\04.code\softloader\3rd\math\math\skv_math_core.h(119): warning C4005: “PSHR32”: 宏重定义 (编译源文件 ..\3rd\math\skv\skv_preprocess.cpp)
  d:\worksvn\trunk\code\tools_pc\softloader\04.code\softloader\3rd\math\math\fixed_generic.h(50): note: 参见“PSHR32”的前一个定义 (编译源文件 ..\3rd\math\skv\skv_preprocess.cpp)
d:\worksvn\trunk\code\tools_pc\softloader\04.code\softloader\3rd\math\math\skv_math_core.h(120): warning C4005: “VSHR32”: 宏重定义 (编译源文件 ..\3rd\math\skv\skv_preprocess.cpp)
  d:\worksvn\trunk\code\tools_pc\softloader\04.code\softloader\3rd\math\math\fixed_generic.h(51): note: 参见“VSHR32”的前一个定义 (编译源文件 ..\3rd\math\skv\skv_preprocess.cpp)
d:\worksvn\trunk\code\tools_pc\softloader\04.code\softloader\3rd\math\math\skv_math_core.h(121): warning C4005: “SATURATE16”: 宏重定义 (编译源文件 ..\3rd\math\skv\skv_preprocess.cpp)
  d:\worksvn\trunk\code\tools_pc\softloader\04.code\softloader\3rd\math\math\fixed_generic.h(52): note: 参见“SATURATE16”的前一个定义 (编译源文件 ..\3rd\math\skv\skv_preprocess.cpp)
d:\worksvn\trunk\code\tools_pc\softloader\04.code\softloader\3rd\math\math\skv_math_core.h(122): warning C4005: “SATURATE32”: 宏重定义 (编译源文件 ..\3rd\math\skv\skv_preprocess.cpp)
  d:\worksvn\trunk\code\tools_pc\softloader\04.code\softloader\3rd\math\math\fixed_generic.h(53): note: 参见“SATURATE32”的前一个定义 (编译源文件 ..\3rd\math\skv\skv_preprocess.cpp)
d:\worksvn\trunk\code\tools_pc\softloader\04.code\softloader\3rd\math\math\skv_math_core.h(123): warning C4005: “SATURATE32PSHR”: 宏重定义 (编译源文件 ..\3rd\math\skv\skv_preprocess.cpp)
  d:\worksvn\trunk\code\tools_pc\softloader\04.code\softloader\3rd\math\math\fixed_generic.h(57): note: 参见“SATURATE32PSHR”的前一个定义 (编译源文件 ..\3rd\math\skv\skv_preprocess.cpp)
d:\worksvn\trunk\code\tools_pc\softloader\04.code\softloader\3rd\math\math\skv_math_core.h(125): warning C4005: “PSHR”: 宏重定义 (编译源文件 ..\3rd\math\skv\skv_preprocess.cpp)
  d:\worksvn\trunk\code\tools_pc\softloader\04.code\softloader\3rd\math\math\fixed_generic.h(61): note: 参见“PSHR”的前一个定义 (编译源文件 ..\3rd\math\skv\skv_preprocess.cpp)
d:\worksvn\trunk\code\tools_pc\softloader\04.code\softloader\3rd\math\math\skv_math_core.h(126): warning C4005: “SHR”: 宏重定义 (编译源文件 ..\3rd\math\skv\skv_preprocess.cpp)
  d:\worksvn\trunk\code\tools_pc\softloader\04.code\softloader\3rd\math\math\fixed_generic.h(59): note: 参见“SHR”的前一个定义 (编译源文件 ..\3rd\math\skv\skv_preprocess.cpp)
d:\worksvn\trunk\code\tools_pc\softloader\04.code\softloader\3rd\math\math\skv_math_core.h(127): warning C4005: “SHL”: 宏重定义 (编译源文件 ..\3rd\math\skv\skv_preprocess.cpp)
  d:\worksvn\trunk\code\tools_pc\softloader\04.code\softloader\3rd\math\math\fixed_generic.h(60): note: 参见“SHL”的前一个定义 (编译源文件 ..\3rd\math\skv\skv_preprocess.cpp)
d:\worksvn\trunk\code\tools_pc\softloader\04.code\softloader\3rd\math\math\skv_math_core.h(128): warning C4005: “SATURATE”: 宏重定义 (编译源文件 ..\3rd\math\skv\skv_preprocess.cpp)
  d:\worksvn\trunk\code\tools_pc\softloader\04.code\softloader\3rd\math\math\fixed_generic.h(62): note: 参见“SATURATE”的前一个定义 (编译源文件 ..\3rd\math\skv\skv_preprocess.cpp)
d:\worksvn\trunk\code\tools_pc\softloader\04.code\softloader\3rd\math\math\skv_math_core.h(130): warning C4005: “ADD16”: 宏重定义 (编译源文件 ..\3rd\math\skv\skv_preprocess.cpp)
  d:\worksvn\trunk\code\tools_pc\softloader\04.code\softloader\3rd\math\math\fixed_generic.h(65): note: 参见“ADD16”的前一个定义 (编译源文件 ..\3rd\math\skv\skv_preprocess.cpp)
d:\worksvn\trunk\code\tools_pc\softloader\04.code\softloader\3rd\math\math\skv_math_core.h(131): warning C4005: “SUB16”: 宏重定义 (编译源文件 ..\3rd\math\skv\skv_preprocess.cpp)
  d:\worksvn\trunk\code\tools_pc\softloader\04.code\softloader\3rd\math\math\fixed_generic.h(66): note: 参见“SUB16”的前一个定义 (编译源文件 ..\3rd\math\skv\skv_preprocess.cpp)
d:\worksvn\trunk\code\tools_pc\softloader\04.code\softloader\3rd\math\math\skv_math_core.h(132): warning C4005: “ADD32”: 宏重定义 (编译源文件 ..\3rd\math\skv\skv_preprocess.cpp)
  d:\worksvn\trunk\code\tools_pc\softloader\04.code\softloader\3rd\math\math\fixed_generic.h(67): note: 参见“ADD32”的前一个定义 (编译源文件 ..\3rd\math\skv\skv_preprocess.cpp)
d:\worksvn\trunk\code\tools_pc\softloader\04.code\softloader\3rd\math\math\skv_math_core.h(133): warning C4005: “SUB32”: 宏重定义 (编译源文件 ..\3rd\math\skv\skv_preprocess.cpp)
  d:\worksvn\trunk\code\tools_pc\softloader\04.code\softloader\3rd\math\math\fixed_generic.h(68): note: 参见“SUB32”的前一个定义 (编译源文件 ..\3rd\math\skv\skv_preprocess.cpp)
d:\worksvn\trunk\code\tools_pc\softloader\04.code\softloader\3rd\math\math\skv_math_core.h(134): warning C4005: “MULT16_16_16”: 宏重定义 (编译源文件 ..\3rd\math\skv\skv_preprocess.cpp)
  d:\worksvn\trunk\code\tools_pc\softloader\04.code\softloader\3rd\math\math\fixed_generic.h(72): note: 参见“MULT16_16_16”的前一个定义 (编译源文件 ..\3rd\math\skv\skv_preprocess.cpp)
d:\worksvn\trunk\code\tools_pc\softloader\04.code\softloader\3rd\math\math\skv_math_core.h(135): warning C4005: “MULT16_16”: 宏重定义 (编译源文件 ..\3rd\math\skv\skv_preprocess.cpp)
  d:\worksvn\trunk\code\tools_pc\softloader\04.code\softloader\3rd\math\math\fixed_generic.h(75): note: 参见“MULT16_16”的前一个定义 (编译源文件 ..\3rd\math\skv\skv_preprocess.cpp)
d:\worksvn\trunk\code\tools_pc\softloader\04.code\softloader\3rd\math\math\skv_math_core.h(136): warning C4005: “MAC16_16”: 宏重定义 (编译源文件 ..\3rd\math\skv\skv_preprocess.cpp)
  d:\worksvn\trunk\code\tools_pc\softloader\04.code\softloader\3rd\math\math\fixed_generic.h(77): note: 参见“MAC16_16”的前一个定义 (编译源文件 ..\3rd\math\skv\skv_preprocess.cpp)
d:\worksvn\trunk\code\tools_pc\softloader\04.code\softloader\3rd\math\math\skv_math_core.h(138): warning C4005: “MULT16_32_Q11”: 宏重定义 (编译源文件 ..\3rd\math\skv\skv_preprocess.cpp)
  d:\worksvn\trunk\code\tools_pc\softloader\04.code\softloader\3rd\math\math\fixed_generic.h(82): note: 参见“MULT16_32_Q11”的前一个定义 (编译源文件 ..\3rd\math\skv\skv_preprocess.cpp)
d:\worksvn\trunk\code\tools_pc\softloader\04.code\softloader\3rd\math\math\skv_math_core.h(139): warning C4005: “MULT16_32_Q13”: 宏重定义 (编译源文件 ..\3rd\math\skv\skv_preprocess.cpp)
  d:\worksvn\trunk\code\tools_pc\softloader\04.code\softloader\3rd\math\math\fixed_generic.h(79): note: 参见“MULT16_32_Q13”的前一个定义 (编译源文件 ..\3rd\math\skv\skv_preprocess.cpp)
d:\worksvn\trunk\code\tools_pc\softloader\04.code\softloader\3rd\math\math\skv_math_core.h(140): warning C4005: “MULT16_32_Q14”: 宏重定义 (编译源文件 ..\3rd\math\skv\skv_preprocess.cpp)
  d:\worksvn\trunk\code\tools_pc\softloader\04.code\softloader\3rd\math\math\fixed_generic.h(80): note: 参见“MULT16_32_Q14”的前一个定义 (编译源文件 ..\3rd\math\skv\skv_preprocess.cpp)
d:\worksvn\trunk\code\tools_pc\softloader\04.code\softloader\3rd\math\math\skv_math_core.h(141): warning C4005: “MULT16_32_Q15”: 宏重定义 (编译源文件 ..\3rd\math\skv\skv_preprocess.cpp)
  d:\worksvn\trunk\code\tools_pc\softloader\04.code\softloader\3rd\math\math\fixed_generic.h(86): note: 参见“MULT16_32_Q15”的前一个定义 (编译源文件 ..\3rd\math\skv\skv_preprocess.cpp)
d:\worksvn\trunk\code\tools_pc\softloader\04.code\softloader\3rd\math\math\skv_math_core.h(142): warning C4005: “MULT16_32_P15”: 宏重定义 (编译源文件 ..\3rd\math\skv\skv_preprocess.cpp)
  d:\worksvn\trunk\code\tools_pc\softloader\04.code\softloader\3rd\math\math\fixed_generic.h(85): note: 参见“MULT16_32_P15”的前一个定义 (编译源文件 ..\3rd\math\skv\skv_preprocess.cpp)
d:\worksvn\trunk\code\tools_pc\softloader\04.code\softloader\3rd\math\math\skv_math_core.h(144): warning C4005: “MAC16_32_Q11”: 宏重定义 (编译源文件 ..\3rd\math\skv\skv_preprocess.cpp)
  d:\worksvn\trunk\code\tools_pc\softloader\04.code\softloader\3rd\math\math\fixed_generic.h(83): note: 参见“MAC16_32_Q11”的前一个定义 (编译源文件 ..\3rd\math\skv\skv_preprocess.cpp)
d:\worksvn\trunk\code\tools_pc\softloader\04.code\softloader\3rd\math\math\skv_math_core.h(145): warning C4005: “MAC16_32_Q15”: 宏重定义 (编译源文件 ..\3rd\math\skv\skv_preprocess.cpp)
  d:\worksvn\trunk\code\tools_pc\softloader\04.code\softloader\3rd\math\math\fixed_generic.h(87): note: 参见“MAC16_32_Q15”的前一个定义 (编译源文件 ..\3rd\math\skv\skv_preprocess.cpp)
d:\worksvn\trunk\code\tools_pc\softloader\04.code\softloader\3rd\math\math\skv_math_core.h(147): warning C4005: “MAC16_16_Q11”: 宏重定义 (编译源文件 ..\3rd\math\skv\skv_preprocess.cpp)
  d:\worksvn\trunk\code\tools_pc\softloader\04.code\softloader\3rd\math\math\fixed_generic.h(90): note: 参见“MAC16_16_Q11”的前一个定义 (编译源文件 ..\3rd\math\skv\skv_preprocess.cpp)
d:\worksvn\trunk\code\tools_pc\softloader\04.code\softloader\3rd\math\math\skv_math_core.h(148): warning C4005: “MAC16_16_Q13”: 宏重定义 (编译源文件 ..\3rd\math\skv\skv_preprocess.cpp)
  d:\worksvn\trunk\code\tools_pc\softloader\04.code\softloader\3rd\math\math\fixed_generic.h(91): note: 参见“MAC16_16_Q13”的前一个定义 (编译源文件 ..\3rd\math\skv\skv_preprocess.cpp)
d:\worksvn\trunk\code\tools_pc\softloader\04.code\softloader\3rd\math\math\skv_math_core.h(149): warning C4005: “MAC16_16_P13”: 宏重定义 (编译源文件 ..\3rd\math\skv\skv_preprocess.cpp)
  d:\worksvn\trunk\code\tools_pc\softloader\04.code\softloader\3rd\math\math\fixed_generic.h(92): note: 参见“MAC16_16_P13”的前一个定义 (编译源文件 ..\3rd\math\skv\skv_preprocess.cpp)
d:\worksvn\trunk\code\tools_pc\softloader\04.code\softloader\3rd\math\math\skv_math_core.h(150): warning C4005: “MULT16_16_Q11_32”: 宏重定义 (编译源文件 ..\3rd\math\skv\skv_preprocess.cpp)
  d:\worksvn\trunk\code\tools_pc\softloader\04.code\softloader\3rd\math\math\fixed_generic.h(94): note: 参见“MULT16_16_Q11_32”的前一个定义 (编译源文件 ..\3rd\math\skv\skv_preprocess.cpp)
d:\worksvn\trunk\code\tools_pc\softloader\04.code\softloader\3rd\math\math\skv_math_core.h(151): warning C4005: “MULT16_16_Q13”: 宏重定义 (编译源文件 ..\3rd\math\skv\skv_preprocess.cpp)
  d:\worksvn\trunk\code\tools_pc\softloader\04.code\softloader\3rd\math\math\fixed_generic.h(95): note: 参见“MULT16_16_Q13”的前一个定义 (编译源文件 ..\3rd\math\skv\skv_preprocess.cpp)
d:\worksvn\trunk\code\tools_pc\softloader\04.code\softloader\3rd\math\math\skv_math_core.h(152): warning C4005: “MULT16_16_Q14”: 宏重定义 (编译源文件 ..\3rd\math\skv\skv_preprocess.cpp)
  d:\worksvn\trunk\code\tools_pc\softloader\04.code\softloader\3rd\math\math\fixed_generic.h(96): note: 参见“MULT16_16_Q14”的前一个定义 (编译源文件 ..\3rd\math\skv\skv_preprocess.cpp)
d:\worksvn\trunk\code\tools_pc\softloader\04.code\softloader\3rd\math\math\skv_math_core.h(153): warning C4005: “MULT16_16_Q15”: 宏重定义 (编译源文件 ..\3rd\math\skv\skv_preprocess.cpp)
  d:\worksvn\trunk\code\tools_pc\softloader\04.code\softloader\3rd\math\math\fixed_generic.h(97): note: 参见“MULT16_16_Q15”的前一个定义 (编译源文件 ..\3rd\math\skv\skv_preprocess.cpp)
d:\worksvn\trunk\code\tools_pc\softloader\04.code\softloader\3rd\math\math\skv_math_core.h(154): warning C4005: “MULT16_16_P15”: 宏重定义 (编译源文件 ..\3rd\math\skv\skv_preprocess.cpp)
  d:\worksvn\trunk\code\tools_pc\softloader\04.code\softloader\3rd\math\math\fixed_generic.h(101): note: 参见“MULT16_16_P15”的前一个定义 (编译源文件 ..\3rd\math\skv\skv_preprocess.cpp)
d:\worksvn\trunk\code\tools_pc\softloader\04.code\softloader\3rd\math\math\skv_math_core.h(155): warning C4005: “MULT16_16_P13”: 宏重定义 (编译源文件 ..\3rd\math\skv\skv_preprocess.cpp)
  d:\worksvn\trunk\code\tools_pc\softloader\04.code\softloader\3rd\math\math\fixed_generic.h(99): note: 参见“MULT16_16_P13”的前一个定义 (编译源文件 ..\3rd\math\skv\skv_preprocess.cpp)
d:\worksvn\trunk\code\tools_pc\softloader\04.code\softloader\3rd\math\math\skv_math_core.h(156): warning C4005: “MULT16_16_P14”: 宏重定义 (编译源文件 ..\3rd\math\skv\skv_preprocess.cpp)
  d:\worksvn\trunk\code\tools_pc\softloader\04.code\softloader\3rd\math\math\fixed_generic.h(100): note: 参见“MULT16_16_P14”的前一个定义 (编译源文件 ..\3rd\math\skv\skv_preprocess.cpp)
d:\worksvn\trunk\code\tools_pc\softloader\04.code\softloader\3rd\math\math\skv_math_core.h(158): warning C4005: “DIV32_16”: 宏重定义 (编译源文件 ..\3rd\math\skv\skv_preprocess.cpp)
  d:\worksvn\trunk\code\tools_pc\softloader\04.code\softloader\3rd\math\math\fixed_generic.h(105): note: 参见“DIV32_16”的前一个定义 (编译源文件 ..\3rd\math\skv\skv_preprocess.cpp)
d:\worksvn\trunk\code\tools_pc\softloader\04.code\softloader\3rd\math\math\skv_math_core.h(159): warning C4005: “PDIV32_16”: 宏重定义 (编译源文件 ..\3rd\math\skv\skv_preprocess.cpp)
  d:\worksvn\trunk\code\tools_pc\softloader\04.code\softloader\3rd\math\math\fixed_generic.h(106): note: 参见“PDIV32_16”的前一个定义 (编译源文件 ..\3rd\math\skv\skv_preprocess.cpp)
d:\worksvn\trunk\code\tools_pc\softloader\04.code\softloader\3rd\math\math\skv_math_core.h(160): warning C4005: “DIV32”: 宏重定义 (编译源文件 ..\3rd\math\skv\skv_preprocess.cpp)
  d:\worksvn\trunk\code\tools_pc\softloader\04.code\softloader\3rd\math\math\fixed_generic.h(107): note: 参见“DIV32”的前一个定义 (编译源文件 ..\3rd\math\skv\skv_preprocess.cpp)
d:\worksvn\trunk\code\tools_pc\softloader\04.code\softloader\3rd\math\math\skv_math_core.h(161): warning C4005: “PDIV32”: 宏重定义 (编译源文件 ..\3rd\math\skv\skv_preprocess.cpp)
  d:\worksvn\trunk\code\tools_pc\softloader\04.code\softloader\3rd\math\math\fixed_generic.h(108): note: 参见“PDIV32”的前一个定义 (编译源文件 ..\3rd\math\skv\skv_preprocess.cpp)
  FrequencySpectrum.cpp
  ANCSoft.cpp
  CalcWgt.cpp
  Config.cpp
  LinkDlg.cpp
  QConfAudioDlg.cpp
  QConfigAxisDlg.cpp
  QConfigIO.cpp
  QConfLineColorDlg.cpp
  QWaveFilterDlg.cpp
  RealTimeEngine.cpp
  SpectrumAnalyser.cpp
  WaveChart.cpp
  WavFile.cpp
d:\worksvn\trunk\code\tools_pc\softloader\04.code\softloader\3rd\math\wavealgorithm\skv_wolf_function.h : warning C4819: 该文件包含不能在当前代码页(936)中表示的字符。请将该文件保存为 Unicode 格式以防止数据丢失 (编译源文件 QWaveFilterDlg.cpp)
  QAbstractDynamicLinesChart.cpp
  qcustomplot.cpp
  QFreqLinesChart.cpp
  Utility.cpp
  HandleCom.cpp
  SerialPortDlg.cpp
  ANCTool.cpp
  ANCToolPlugin.cpp
d:\worksvn\trunk\code\tools_pc\softloader\04.code\softloader\3rd\math\wavealgorithm\skv_wolf_function.h : warning C4819: 该文件包含不能在当前代码页(936)中表示的字符。请将该文件保存为 Unicode 格式以防止数据丢失 (编译源文件 ANCTool.cpp)
  kiss_fft.c
d:\worksvn\trunk\code\tools_pc\softloader\04.code\softloader\3rd\math\math\skv_math_core.h(50): warning C4005: “MIN”: 宏重定义 (编译源文件 ..\3rd\math\math\kiss_fft.c)
  d:\worksvn\trunk\code\tools_pc\softloader\04.code\softloader\3rd\math\math\_kiss_fft_guts.h(15): note: 参见“MIN”的前一个定义 (编译源文件 ..\3rd\math\math\kiss_fft.c)
d:\worksvn\trunk\code\tools_pc\softloader\04.code\softloader\3rd\math\math\skv_math_core.h(51): warning C4005: “MAX”: 宏重定义 (编译源文件 ..\3rd\math\math\kiss_fft.c)
  d:\worksvn\trunk\code\tools_pc\softloader\04.code\softloader\3rd\math\math\_kiss_fft_guts.h(16): note: 参见“MAX”的前一个定义 (编译源文件 ..\3rd\math\math\kiss_fft.c)
d:\worksvn\trunk\code\tools_pc\softloader\04.code\softloader\3rd\math\math\skv_math_core.h(93): warning C4005: “Q15ONE”: 宏重定义 (编译源文件 ..\3rd\math\math\kiss_fft.c)
  d:\worksvn\trunk\code\tools_pc\softloader\04.code\softloader\3rd\math\basic\skv_fixed.h(19): note: 参见“Q15ONE”的前一个定义 (编译源文件 ..\3rd\math\math\kiss_fft.c)
d:\worksvn\trunk\code\tools_pc\softloader\04.code\softloader\3rd\math\math\skv_math_core.h(94): warning C4005: “LPC_SCALING”: 宏重定义 (编译源文件 ..\3rd\math\math\kiss_fft.c)
  d:\worksvn\trunk\code\tools_pc\softloader\04.code\softloader\3rd\math\basic\skv_fixed.h(20): note: 参见“LPC_SCALING”的前一个定义 (编译源文件 ..\3rd\math\math\kiss_fft.c)
d:\worksvn\trunk\code\tools_pc\softloader\04.code\softloader\3rd\math\math\skv_math_core.h(95): warning C4005: “SIG_SCALING”: 宏重定义 (编译源文件 ..\3rd\math\math\kiss_fft.c)
  d:\worksvn\trunk\code\tools_pc\softloader\04.code\softloader\3rd\math\basic\skv_fixed.h(21): note: 参见“SIG_SCALING”的前一个定义 (编译源文件 ..\3rd\math\math\kiss_fft.c)
d:\worksvn\trunk\code\tools_pc\softloader\04.code\softloader\3rd\math\math\skv_math_core.h(96): warning C4005: “LSP_SCALING”: 宏重定义 (编译源文件 ..\3rd\math\math\kiss_fft.c)
  d:\worksvn\trunk\code\tools_pc\softloader\04.code\softloader\3rd\math\basic\skv_fixed.h(22): note: 参见“LSP_SCALING”的前一个定义 (编译源文件 ..\3rd\math\math\kiss_fft.c)
d:\worksvn\trunk\code\tools_pc\softloader\04.code\softloader\3rd\math\math\skv_math_core.h(97): warning C4005: “GAMMA_SCALING”: 宏重定义 (编译源文件 ..\3rd\math\math\kiss_fft.c)
  d:\worksvn\trunk\code\tools_pc\softloader\04.code\softloader\3rd\math\basic\skv_fixed.h(23): note: 参见“GAMMA_SCALING”的前一个定义 (编译源文件 ..\3rd\math\math\kiss_fft.c)
d:\worksvn\trunk\code\tools_pc\softloader\04.code\softloader\3rd\math\math\skv_math_core.h(98): warning C4005: “GAIN_SCALING”: 宏重定义 (编译源文件 ..\3rd\math\math\kiss_fft.c)
  d:\worksvn\trunk\code\tools_pc\softloader\04.code\softloader\3rd\math\basic\skv_fixed.h(24): note: 参见“GAIN_SCALING”的前一个定义 (编译源文件 ..\3rd\math\math\kiss_fft.c)
d:\worksvn\trunk\code\tools_pc\softloader\04.code\softloader\3rd\math\math\skv_math_core.h(99): warning C4005: “GAIN_SCALING_1”: 宏重定义 (编译源文件 ..\3rd\math\math\kiss_fft.c)
  d:\worksvn\trunk\code\tools_pc\softloader\04.code\softloader\3rd\math\basic\skv_fixed.h(25): note: 参见“GAIN_SCALING_1”的前一个定义 (编译源文件 ..\3rd\math\math\kiss_fft.c)
d:\worksvn\trunk\code\tools_pc\softloader\04.code\softloader\3rd\math\math\skv_math_core.h(102): warning C4005: “VERY_SMALL”: 宏重定义 (编译源文件 ..\3rd\math\math\kiss_fft.c)
  d:\worksvn\trunk\code\tools_pc\softloader\04.code\softloader\3rd\math\basic\skv_fixed.h(32): note: 参见“VERY_SMALL”的前一个定义 (编译源文件 ..\3rd\math\math\kiss_fft.c)
d:\worksvn\trunk\code\tools_pc\softloader\04.code\softloader\3rd\math\math\skv_math_core.h(103): warning C4005: “VERY_LARGE32”: 宏重定义 (编译源文件 ..\3rd\math\math\kiss_fft.c)
  d:\worksvn\trunk\code\tools_pc\softloader\04.code\softloader\3rd\math\basic\skv_fixed.h(33): note: 参见“VERY_LARGE32”的前一个定义 (编译源文件 ..\3rd\math\math\kiss_fft.c)
d:\worksvn\trunk\code\tools_pc\softloader\04.code\softloader\3rd\math\math\skv_math_core.h(104): warning C4005: “VERY_LARGE16”: 宏重定义 (编译源文件 ..\3rd\math\math\kiss_fft.c)
  d:\worksvn\trunk\code\tools_pc\softloader\04.code\softloader\3rd\math\basic\skv_fixed.h(34): note: 参见“VERY_LARGE16”的前一个定义 (编译源文件 ..\3rd\math\math\kiss_fft.c)
d:\worksvn\trunk\code\tools_pc\softloader\04.code\softloader\3rd\math\math\skv_math_core.h(107): warning C4005: “QCONST16”: 宏重定义 (编译源文件 ..\3rd\math\math\kiss_fft.c)
  d:\worksvn\trunk\code\tools_pc\softloader\04.code\softloader\3rd\math\math\fixed_generic.h(38): note: 参见“QCONST16”的前一个定义 (编译源文件 ..\3rd\math\math\kiss_fft.c)
d:\worksvn\trunk\code\tools_pc\softloader\04.code\softloader\3rd\math\math\skv_math_core.h(108): warning C4005: “QCONST32”: 宏重定义 (编译源文件 ..\3rd\math\math\kiss_fft.c)
  d:\worksvn\trunk\code\tools_pc\softloader\04.code\softloader\3rd\math\math\fixed_generic.h(39): note: 参见“QCONST32”的前一个定义 (编译源文件 ..\3rd\math\math\kiss_fft.c)
d:\worksvn\trunk\code\tools_pc\softloader\04.code\softloader\3rd\math\math\skv_math_core.h(112): warning C4005: “EXTRACT16”: 宏重定义 (编译源文件 ..\3rd\math\math\kiss_fft.c)
  d:\worksvn\trunk\code\tools_pc\softloader\04.code\softloader\3rd\math\math\fixed_generic.h(43): note: 参见“EXTRACT16”的前一个定义 (编译源文件 ..\3rd\math\math\kiss_fft.c)
d:\worksvn\trunk\code\tools_pc\softloader\04.code\softloader\3rd\math\math\skv_math_core.h(113): warning C4005: “EXTEND32”: 宏重定义 (编译源文件 ..\3rd\math\math\kiss_fft.c)
  d:\worksvn\trunk\code\tools_pc\softloader\04.code\softloader\3rd\math\math\fixed_generic.h(44): note: 参见“EXTEND32”的前一个定义 (编译源文件 ..\3rd\math\math\kiss_fft.c)
d:\worksvn\trunk\code\tools_pc\softloader\04.code\softloader\3rd\math\math\skv_math_core.h(114): warning C4005: “SHR16”: 宏重定义 (编译源文件 ..\3rd\math\math\kiss_fft.c)
  d:\worksvn\trunk\code\tools_pc\softloader\04.code\softloader\3rd\math\math\fixed_generic.h(45): note: 参见“SHR16”的前一个定义 (编译源文件 ..\3rd\math\math\kiss_fft.c)
d:\worksvn\trunk\code\tools_pc\softloader\04.code\softloader\3rd\math\math\skv_math_core.h(115): warning C4005: “SHL16”: 宏重定义 (编译源文件 ..\3rd\math\math\kiss_fft.c)
  d:\worksvn\trunk\code\tools_pc\softloader\04.code\softloader\3rd\math\math\fixed_generic.h(46): note: 参见“SHL16”的前一个定义 (编译源文件 ..\3rd\math\math\kiss_fft.c)
d:\worksvn\trunk\code\tools_pc\softloader\04.code\softloader\3rd\math\math\skv_math_core.h(116): warning C4005: “SHR32”: 宏重定义 (编译源文件 ..\3rd\math\math\kiss_fft.c)
  d:\worksvn\trunk\code\tools_pc\softloader\04.code\softloader\3rd\math\math\fixed_generic.h(47): note: 参见“SHR32”的前一个定义 (编译源文件 ..\3rd\math\math\kiss_fft.c)
d:\worksvn\trunk\code\tools_pc\softloader\04.code\softloader\3rd\math\math\skv_math_core.h(117): warning C4005: “SHL32”: 宏重定义 (编译源文件 ..\3rd\math\math\kiss_fft.c)
  d:\worksvn\trunk\code\tools_pc\softloader\04.code\softloader\3rd\math\math\fixed_generic.h(48): note: 参见“SHL32”的前一个定义 (编译源文件 ..\3rd\math\math\kiss_fft.c)
d:\worksvn\trunk\code\tools_pc\softloader\04.code\softloader\3rd\math\math\skv_math_core.h(118): warning C4005: “PSHR16”: 宏重定义 (编译源文件 ..\3rd\math\math\kiss_fft.c)
  d:\worksvn\trunk\code\tools_pc\softloader\04.code\softloader\3rd\math\math\fixed_generic.h(49): note: 参见“PSHR16”的前一个定义 (编译源文件 ..\3rd\math\math\kiss_fft.c)
d:\worksvn\trunk\code\tools_pc\softloader\04.code\softloader\3rd\math\math\skv_math_core.h(119): warning C4005: “PSHR32”: 宏重定义 (编译源文件 ..\3rd\math\math\kiss_fft.c)
  d:\worksvn\trunk\code\tools_pc\softloader\04.code\softloader\3rd\math\math\fixed_generic.h(50): note: 参见“PSHR32”的前一个定义 (编译源文件 ..\3rd\math\math\kiss_fft.c)
d:\worksvn\trunk\code\tools_pc\softloader\04.code\softloader\3rd\math\math\skv_math_core.h(120): warning C4005: “VSHR32”: 宏重定义 (编译源文件 ..\3rd\math\math\kiss_fft.c)
  d:\worksvn\trunk\code\tools_pc\softloader\04.code\softloader\3rd\math\math\fixed_generic.h(51): note: 参见“VSHR32”的前一个定义 (编译源文件 ..\3rd\math\math\kiss_fft.c)
d:\worksvn\trunk\code\tools_pc\softloader\04.code\softloader\3rd\math\math\skv_math_core.h(121): warning C4005: “SATURATE16”: 宏重定义 (编译源文件 ..\3rd\math\math\kiss_fft.c)
  d:\worksvn\trunk\code\tools_pc\softloader\04.code\softloader\3rd\math\math\fixed_generic.h(52): note: 参见“SATURATE16”的前一个定义 (编译源文件 ..\3rd\math\math\kiss_fft.c)
d:\worksvn\trunk\code\tools_pc\softloader\04.code\softloader\3rd\math\math\skv_math_core.h(122): warning C4005: “SATURATE32”: 宏重定义 (编译源文件 ..\3rd\math\math\kiss_fft.c)
  d:\worksvn\trunk\code\tools_pc\softloader\04.code\softloader\3rd\math\math\fixed_generic.h(53): note: 参见“SATURATE32”的前一个定义 (编译源文件 ..\3rd\math\math\kiss_fft.c)
d:\worksvn\trunk\code\tools_pc\softloader\04.code\softloader\3rd\math\math\skv_math_core.h(123): warning C4005: “SATURATE32PSHR”: 宏重定义 (编译源文件 ..\3rd\math\math\kiss_fft.c)
  d:\worksvn\trunk\code\tools_pc\softloader\04.code\softloader\3rd\math\math\fixed_generic.h(57): note: 参见“SATURATE32PSHR”的前一个定义 (编译源文件 ..\3rd\math\math\kiss_fft.c)
d:\worksvn\trunk\code\tools_pc\softloader\04.code\softloader\3rd\math\math\skv_math_core.h(125): warning C4005: “PSHR”: 宏重定义 (编译源文件 ..\3rd\math\math\kiss_fft.c)
  d:\worksvn\trunk\code\tools_pc\softloader\04.code\softloader\3rd\math\math\fixed_generic.h(61): note: 参见“PSHR”的前一个定义 (编译源文件 ..\3rd\math\math\kiss_fft.c)
d:\worksvn\trunk\code\tools_pc\softloader\04.code\softloader\3rd\math\math\skv_math_core.h(126): warning C4005: “SHR”: 宏重定义 (编译源文件 ..\3rd\math\math\kiss_fft.c)
  d:\worksvn\trunk\code\tools_pc\softloader\04.code\softloader\3rd\math\math\fixed_generic.h(59): note: 参见“SHR”的前一个定义 (编译源文件 ..\3rd\math\math\kiss_fft.c)
d:\worksvn\trunk\code\tools_pc\softloader\04.code\softloader\3rd\math\math\skv_math_core.h(127): warning C4005: “SHL”: 宏重定义 (编译源文件 ..\3rd\math\math\kiss_fft.c)
  d:\worksvn\trunk\code\tools_pc\softloader\04.code\softloader\3rd\math\math\fixed_generic.h(60): note: 参见“SHL”的前一个定义 (编译源文件 ..\3rd\math\math\kiss_fft.c)
d:\worksvn\trunk\code\tools_pc\softloader\04.code\softloader\3rd\math\math\skv_math_core.h(128): warning C4005: “SATURATE”: 宏重定义 (编译源文件 ..\3rd\math\math\kiss_fft.c)
  d:\worksvn\trunk\code\tools_pc\softloader\04.code\softloader\3rd\math\math\fixed_generic.h(62): note: 参见“SATURATE”的前一个定义 (编译源文件 ..\3rd\math\math\kiss_fft.c)
d:\worksvn\trunk\code\tools_pc\softloader\04.code\softloader\3rd\math\math\skv_math_core.h(130): warning C4005: “ADD16”: 宏重定义 (编译源文件 ..\3rd\math\math\kiss_fft.c)
  d:\worksvn\trunk\code\tools_pc\softloader\04.code\softloader\3rd\math\math\fixed_generic.h(65): note: 参见“ADD16”的前一个定义 (编译源文件 ..\3rd\math\math\kiss_fft.c)
d:\worksvn\trunk\code\tools_pc\softloader\04.code\softloader\3rd\math\math\skv_math_core.h(131): warning C4005: “SUB16”: 宏重定义 (编译源文件 ..\3rd\math\math\kiss_fft.c)
  d:\worksvn\trunk\code\tools_pc\softloader\04.code\softloader\3rd\math\math\fixed_generic.h(66): note: 参见“SUB16”的前一个定义 (编译源文件 ..\3rd\math\math\kiss_fft.c)
d:\worksvn\trunk\code\tools_pc\softloader\04.code\softloader\3rd\math\math\skv_math_core.h(132): warning C4005: “ADD32”: 宏重定义 (编译源文件 ..\3rd\math\math\kiss_fft.c)
  d:\worksvn\trunk\code\tools_pc\softloader\04.code\softloader\3rd\math\math\fixed_generic.h(67): note: 参见“ADD32”的前一个定义 (编译源文件 ..\3rd\math\math\kiss_fft.c)
d:\worksvn\trunk\code\tools_pc\softloader\04.code\softloader\3rd\math\math\skv_math_core.h(133): warning C4005: “SUB32”: 宏重定义 (编译源文件 ..\3rd\math\math\kiss_fft.c)
  d:\worksvn\trunk\code\tools_pc\softloader\04.code\softloader\3rd\math\math\fixed_generic.h(68): note: 参见“SUB32”的前一个定义 (编译源文件 ..\3rd\math\math\kiss_fft.c)
d:\worksvn\trunk\code\tools_pc\softloader\04.code\softloader\3rd\math\math\skv_math_core.h(134): warning C4005: “MULT16_16_16”: 宏重定义 (编译源文件 ..\3rd\math\math\kiss_fft.c)
  d:\worksvn\trunk\code\tools_pc\softloader\04.code\softloader\3rd\math\math\fixed_generic.h(72): note: 参见“MULT16_16_16”的前一个定义 (编译源文件 ..\3rd\math\math\kiss_fft.c)
d:\worksvn\trunk\code\tools_pc\softloader\04.code\softloader\3rd\math\math\skv_math_core.h(135): warning C4005: “MULT16_16”: 宏重定义 (编译源文件 ..\3rd\math\math\kiss_fft.c)
  d:\worksvn\trunk\code\tools_pc\softloader\04.code\softloader\3rd\math\math\fixed_generic.h(75): note: 参见“MULT16_16”的前一个定义 (编译源文件 ..\3rd\math\math\kiss_fft.c)
d:\worksvn\trunk\code\tools_pc\softloader\04.code\softloader\3rd\math\math\skv_math_core.h(136): warning C4005: “MAC16_16”: 宏重定义 (编译源文件 ..\3rd\math\math\kiss_fft.c)
  d:\worksvn\trunk\code\tools_pc\softloader\04.code\softloader\3rd\math\math\fixed_generic.h(77): note: 参见“MAC16_16”的前一个定义 (编译源文件 ..\3rd\math\math\kiss_fft.c)
d:\worksvn\trunk\code\tools_pc\softloader\04.code\softloader\3rd\math\math\skv_math_core.h(138): warning C4005: “MULT16_32_Q11”: 宏重定义 (编译源文件 ..\3rd\math\math\kiss_fft.c)
  d:\worksvn\trunk\code\tools_pc\softloader\04.code\softloader\3rd\math\math\fixed_generic.h(82): note: 参见“MULT16_32_Q11”的前一个定义 (编译源文件 ..\3rd\math\math\kiss_fft.c)
d:\worksvn\trunk\code\tools_pc\softloader\04.code\softloader\3rd\math\math\skv_math_core.h(139): warning C4005: “MULT16_32_Q13”: 宏重定义 (编译源文件 ..\3rd\math\math\kiss_fft.c)
  d:\worksvn\trunk\code\tools_pc\softloader\04.code\softloader\3rd\math\math\fixed_generic.h(79): note: 参见“MULT16_32_Q13”的前一个定义 (编译源文件 ..\3rd\math\math\kiss_fft.c)
d:\worksvn\trunk\code\tools_pc\softloader\04.code\softloader\3rd\math\math\skv_math_core.h(140): warning C4005: “MULT16_32_Q14”: 宏重定义 (编译源文件 ..\3rd\math\math\kiss_fft.c)
  d:\worksvn\trunk\code\tools_pc\softloader\04.code\softloader\3rd\math\math\fixed_generic.h(80): note: 参见“MULT16_32_Q14”的前一个定义 (编译源文件 ..\3rd\math\math\kiss_fft.c)
d:\worksvn\trunk\code\tools_pc\softloader\04.code\softloader\3rd\math\math\skv_math_core.h(141): warning C4005: “MULT16_32_Q15”: 宏重定义 (编译源文件 ..\3rd\math\math\kiss_fft.c)
  d:\worksvn\trunk\code\tools_pc\softloader\04.code\softloader\3rd\math\math\fixed_generic.h(86): note: 参见“MULT16_32_Q15”的前一个定义 (编译源文件 ..\3rd\math\math\kiss_fft.c)
d:\worksvn\trunk\code\tools_pc\softloader\04.code\softloader\3rd\math\math\skv_math_core.h(142): warning C4005: “MULT16_32_P15”: 宏重定义 (编译源文件 ..\3rd\math\math\kiss_fft.c)
  d:\worksvn\trunk\code\tools_pc\softloader\04.code\softloader\3rd\math\math\fixed_generic.h(85): note: 参见“MULT16_32_P15”的前一个定义 (编译源文件 ..\3rd\math\math\kiss_fft.c)
d:\worksvn\trunk\code\tools_pc\softloader\04.code\softloader\3rd\math\math\skv_math_core.h(144): warning C4005: “MAC16_32_Q11”: 宏重定义 (编译源文件 ..\3rd\math\math\kiss_fft.c)
  d:\worksvn\trunk\code\tools_pc\softloader\04.code\softloader\3rd\math\math\fixed_generic.h(83): note: 参见“MAC16_32_Q11”的前一个定义 (编译源文件 ..\3rd\math\math\kiss_fft.c)
d:\worksvn\trunk\code\tools_pc\softloader\04.code\softloader\3rd\math\math\skv_math_core.h(145): warning C4005: “MAC16_32_Q15”: 宏重定义 (编译源文件 ..\3rd\math\math\kiss_fft.c)
  d:\worksvn\trunk\code\tools_pc\softloader\04.code\softloader\3rd\math\math\fixed_generic.h(87): note: 参见“MAC16_32_Q15”的前一个定义 (编译源文件 ..\3rd\math\math\kiss_fft.c)
d:\worksvn\trunk\code\tools_pc\softloader\04.code\softloader\3rd\math\math\skv_math_core.h(147): warning C4005: “MAC16_16_Q11”: 宏重定义 (编译源文件 ..\3rd\math\math\kiss_fft.c)
  d:\worksvn\trunk\code\tools_pc\softloader\04.code\softloader\3rd\math\math\fixed_generic.h(90): note: 参见“MAC16_16_Q11”的前一个定义 (编译源文件 ..\3rd\math\math\kiss_fft.c)
d:\worksvn\trunk\code\tools_pc\softloader\04.code\softloader\3rd\math\math\skv_math_core.h(148): warning C4005: “MAC16_16_Q13”: 宏重定义 (编译源文件 ..\3rd\math\math\kiss_fft.c)
  d:\worksvn\trunk\code\tools_pc\softloader\04.code\softloader\3rd\math\math\fixed_generic.h(91): note: 参见“MAC16_16_Q13”的前一个定义 (编译源文件 ..\3rd\math\math\kiss_fft.c)
  kiss_fftr.c
d:\worksvn\trunk\code\tools_pc\softloader\04.code\softloader\3rd\math\math\skv_math_core.h(149): warning C4005: “MAC16_16_P13”: 宏重定义 (编译源文件 ..\3rd\math\math\kiss_fft.c)
  d:\worksvn\trunk\code\tools_pc\softloader\04.code\softloader\3rd\math\math\fixed_generic.h(92): note: 参见“MAC16_16_P13”的前一个定义 (编译源文件 ..\3rd\math\math\kiss_fft.c)
d:\worksvn\trunk\code\tools_pc\softloader\04.code\softloader\3rd\math\math\skv_math_core.h(150): warning C4005: “MULT16_16_Q11_32”: 宏重定义 (编译源文件 ..\3rd\math\math\kiss_fft.c)
  d:\worksvn\trunk\code\tools_pc\softloader\04.code\softloader\3rd\math\math\fixed_generic.h(94): note: 参见“MULT16_16_Q11_32”的前一个定义 (编译源文件 ..\3rd\math\math\kiss_fft.c)
d:\worksvn\trunk\code\tools_pc\softloader\04.code\softloader\3rd\math\math\skv_math_core.h(151): warning C4005: “MULT16_16_Q13”: 宏重定义 (编译源文件 ..\3rd\math\math\kiss_fft.c)
  d:\worksvn\trunk\code\tools_pc\softloader\04.code\softloader\3rd\math\math\fixed_generic.h(95): note: 参见“MULT16_16_Q13”的前一个定义 (编译源文件 ..\3rd\math\math\kiss_fft.c)
d:\worksvn\trunk\code\tools_pc\softloader\04.code\softloader\3rd\math\math\skv_math_core.h(152): warning C4005: “MULT16_16_Q14”: 宏重定义 (编译源文件 ..\3rd\math\math\kiss_fft.c)
  d:\worksvn\trunk\code\tools_pc\softloader\04.code\softloader\3rd\math\math\fixed_generic.h(96): note: 参见“MULT16_16_Q14”的前一个定义 (编译源文件 ..\3rd\math\math\kiss_fft.c)
d:\worksvn\trunk\code\tools_pc\softloader\04.code\softloader\3rd\math\math\skv_math_core.h(153): warning C4005: “MULT16_16_Q15”: 宏重定义 (编译源文件 ..\3rd\math\math\kiss_fft.c)
  d:\worksvn\trunk\code\tools_pc\softloader\04.code\softloader\3rd\math\math\fixed_generic.h(97): note: 参见“MULT16_16_Q15”的前一个定义 (编译源文件 ..\3rd\math\math\kiss_fft.c)
d:\worksvn\trunk\code\tools_pc\softloader\04.code\softloader\3rd\math\math\skv_math_core.h(154): warning C4005: “MULT16_16_P15”: 宏重定义 (编译源文件 ..\3rd\math\math\kiss_fft.c)
  d:\worksvn\trunk\code\tools_pc\softloader\04.code\softloader\3rd\math\math\fixed_generic.h(101): note: 参见“MULT16_16_P15”的前一个定义 (编译源文件 ..\3rd\math\math\kiss_fft.c)
d:\worksvn\trunk\code\tools_pc\softloader\04.code\softloader\3rd\math\math\skv_math_core.h(155): warning C4005: “MULT16_16_P13”: 宏重定义 (编译源文件 ..\3rd\math\math\kiss_fft.c)
  d:\worksvn\trunk\code\tools_pc\softloader\04.code\softloader\3rd\math\math\fixed_generic.h(99): note: 参见“MULT16_16_P13”的前一个定义 (编译源文件 ..\3rd\math\math\kiss_fft.c)
d:\worksvn\trunk\code\tools_pc\softloader\04.code\softloader\3rd\math\math\skv_math_core.h(156): warning C4005: “MULT16_16_P14”: 宏重定义 (编译源文件 ..\3rd\math\math\kiss_fft.c)
  d:\worksvn\trunk\code\tools_pc\softloader\04.code\softloader\3rd\math\math\fixed_generic.h(100): note: 参见“MULT16_16_P14”的前一个定义 (编译源文件 ..\3rd\math\math\kiss_fft.c)
d:\worksvn\trunk\code\tools_pc\softloader\04.code\softloader\3rd\math\math\skv_math_core.h(158): warning C4005: “DIV32_16”: 宏重定义 (编译源文件 ..\3rd\math\math\kiss_fft.c)
  d:\worksvn\trunk\code\tools_pc\softloader\04.code\softloader\3rd\math\math\fixed_generic.h(105): note: 参见“DIV32_16”的前一个定义 (编译源文件 ..\3rd\math\math\kiss_fft.c)
d:\worksvn\trunk\code\tools_pc\softloader\04.code\softloader\3rd\math\math\skv_math_core.h(159): warning C4005: “PDIV32_16”: 宏重定义 (编译源文件 ..\3rd\math\math\kiss_fft.c)
  d:\worksvn\trunk\code\tools_pc\softloader\04.code\softloader\3rd\math\math\fixed_generic.h(106): note: 参见“PDIV32_16”的前一个定义 (编译源文件 ..\3rd\math\math\kiss_fft.c)
d:\worksvn\trunk\code\tools_pc\softloader\04.code\softloader\3rd\math\math\skv_math_core.h(160): warning C4005: “DIV32”: 宏重定义 (编译源文件 ..\3rd\math\math\kiss_fft.c)
  d:\worksvn\trunk\code\tools_pc\softloader\04.code\softloader\3rd\math\math\fixed_generic.h(107): note: 参见“DIV32”的前一个定义 (编译源文件 ..\3rd\math\math\kiss_fft.c)
d:\worksvn\trunk\code\tools_pc\softloader\04.code\softloader\3rd\math\math\skv_math_core.h(161): warning C4005: “PDIV32”: 宏重定义 (编译源文件 ..\3rd\math\math\kiss_fft.c)
  d:\worksvn\trunk\code\tools_pc\softloader\04.code\softloader\3rd\math\math\fixed_generic.h(108): note: 参见“PDIV32”的前一个定义 (编译源文件 ..\3rd\math\math\kiss_fft.c)
d:\worksvn\trunk\code\tools_pc\softloader\04.code\softloader\3rd\math\math\skv_math_core.h(50): warning C4005: “MIN”: 宏重定义 (编译源文件 ..\3rd\math\math\kiss_fftr.c)
  d:\worksvn\trunk\code\tools_pc\softloader\04.code\softloader\3rd\math\math\_kiss_fft_guts.h(15): note: 参见“MIN”的前一个定义 (编译源文件 ..\3rd\math\math\kiss_fftr.c)
d:\worksvn\trunk\code\tools_pc\softloader\04.code\softloader\3rd\math\math\skv_math_core.h(51): warning C4005: “MAX”: 宏重定义 (编译源文件 ..\3rd\math\math\kiss_fftr.c)
  d:\worksvn\trunk\code\tools_pc\softloader\04.code\softloader\3rd\math\math\_kiss_fft_guts.h(16): note: 参见“MAX”的前一个定义 (编译源文件 ..\3rd\math\math\kiss_fftr.c)
d:\worksvn\trunk\code\tools_pc\softloader\04.code\softloader\3rd\math\math\skv_math_core.h(93): warning C4005: “Q15ONE”: 宏重定义 (编译源文件 ..\3rd\math\math\kiss_fftr.c)
  d:\worksvn\trunk\code\tools_pc\softloader\04.code\softloader\3rd\math\basic\skv_fixed.h(19): note: 参见“Q15ONE”的前一个定义 (编译源文件 ..\3rd\math\math\kiss_fftr.c)
d:\worksvn\trunk\code\tools_pc\softloader\04.code\softloader\3rd\math\math\skv_math_core.h(94): warning C4005: “LPC_SCALING”: 宏重定义 (编译源文件 ..\3rd\math\math\kiss_fftr.c)
  d:\worksvn\trunk\code\tools_pc\softloader\04.code\softloader\3rd\math\basic\skv_fixed.h(20): note: 参见“LPC_SCALING”的前一个定义 (编译源文件 ..\3rd\math\math\kiss_fftr.c)
d:\worksvn\trunk\code\tools_pc\softloader\04.code\softloader\3rd\math\math\skv_math_core.h(95): warning C4005: “SIG_SCALING”: 宏重定义 (编译源文件 ..\3rd\math\math\kiss_fftr.c)
  d:\worksvn\trunk\code\tools_pc\softloader\04.code\softloader\3rd\math\basic\skv_fixed.h(21): note: 参见“SIG_SCALING”的前一个定义 (编译源文件 ..\3rd\math\math\kiss_fftr.c)
d:\worksvn\trunk\code\tools_pc\softloader\04.code\softloader\3rd\math\math\skv_math_core.h(96): warning C4005: “LSP_SCALING”: 宏重定义 (编译源文件 ..\3rd\math\math\kiss_fftr.c)
  d:\worksvn\trunk\code\tools_pc\softloader\04.code\softloader\3rd\math\basic\skv_fixed.h(22): note: 参见“LSP_SCALING”的前一个定义 (编译源文件 ..\3rd\math\math\kiss_fftr.c)
d:\worksvn\trunk\code\tools_pc\softloader\04.code\softloader\3rd\math\math\skv_math_core.h(97): warning C4005: “GAMMA_SCALING”: 宏重定义 (编译源文件 ..\3rd\math\math\kiss_fftr.c)
  d:\worksvn\trunk\code\tools_pc\softloader\04.code\softloader\3rd\math\basic\skv_fixed.h(23): note: 参见“GAMMA_SCALING”的前一个定义 (编译源文件 ..\3rd\math\math\kiss_fftr.c)
d:\worksvn\trunk\code\tools_pc\softloader\04.code\softloader\3rd\math\math\skv_math_core.h(98): warning C4005: “GAIN_SCALING”: 宏重定义 (编译源文件 ..\3rd\math\math\kiss_fftr.c)
  d:\worksvn\trunk\code\tools_pc\softloader\04.code\softloader\3rd\math\basic\skv_fixed.h(24): note: 参见“GAIN_SCALING”的前一个定义 (编译源文件 ..\3rd\math\math\kiss_fftr.c)
d:\worksvn\trunk\code\tools_pc\softloader\04.code\softloader\3rd\math\math\skv_math_core.h(99): warning C4005: “GAIN_SCALING_1”: 宏重定义 (编译源文件 ..\3rd\math\math\kiss_fftr.c)
  d:\worksvn\trunk\code\tools_pc\softloader\04.code\softloader\3rd\math\basic\skv_fixed.h(25): note: 参见“GAIN_SCALING_1”的前一个定义 (编译源文件 ..\3rd\math\math\kiss_fftr.c)
d:\worksvn\trunk\code\tools_pc\softloader\04.code\softloader\3rd\math\math\skv_math_core.h(102): warning C4005: “VERY_SMALL”: 宏重定义 (编译源文件 ..\3rd\math\math\kiss_fftr.c)
  d:\worksvn\trunk\code\tools_pc\softloader\04.code\softloader\3rd\math\basic\skv_fixed.h(32): note: 参见“VERY_SMALL”的前一个定义 (编译源文件 ..\3rd\math\math\kiss_fftr.c)
d:\worksvn\trunk\code\tools_pc\softloader\04.code\softloader\3rd\math\math\skv_math_core.h(103): warning C4005: “VERY_LARGE32”: 宏重定义 (编译源文件 ..\3rd\math\math\kiss_fftr.c)
  d:\worksvn\trunk\code\tools_pc\softloader\04.code\softloader\3rd\math\basic\skv_fixed.h(33): note: 参见“VERY_LARGE32”的前一个定义 (编译源文件 ..\3rd\math\math\kiss_fftr.c)
d:\worksvn\trunk\code\tools_pc\softloader\04.code\softloader\3rd\math\math\skv_math_core.h(104): warning C4005: “VERY_LARGE16”: 宏重定义 (编译源文件 ..\3rd\math\math\kiss_fftr.c)
  d:\worksvn\trunk\code\tools_pc\softloader\04.code\softloader\3rd\math\basic\skv_fixed.h(34): note: 参见“VERY_LARGE16”的前一个定义 (编译源文件 ..\3rd\math\math\kiss_fftr.c)
d:\worksvn\trunk\code\tools_pc\softloader\04.code\softloader\3rd\math\math\skv_math_core.h(107): warning C4005: “QCONST16”: 宏重定义 (编译源文件 ..\3rd\math\math\kiss_fftr.c)
  d:\worksvn\trunk\code\tools_pc\softloader\04.code\softloader\3rd\math\math\fixed_generic.h(38): note: 参见“QCONST16”的前一个定义 (编译源文件 ..\3rd\math\math\kiss_fftr.c)
d:\worksvn\trunk\code\tools_pc\softloader\04.code\softloader\3rd\math\math\skv_math_core.h(108): warning C4005: “QCONST32”: 宏重定义 (编译源文件 ..\3rd\math\math\kiss_fftr.c)
  d:\worksvn\trunk\code\tools_pc\softloader\04.code\softloader\3rd\math\math\fixed_generic.h(39): note: 参见“QCONST32”的前一个定义 (编译源文件 ..\3rd\math\math\kiss_fftr.c)
d:\worksvn\trunk\code\tools_pc\softloader\04.code\softloader\3rd\math\math\skv_math_core.h(112): warning C4005: “EXTRACT16”: 宏重定义 (编译源文件 ..\3rd\math\math\kiss_fftr.c)
  d:\worksvn\trunk\code\tools_pc\softloader\04.code\softloader\3rd\math\math\fixed_generic.h(43): note: 参见“EXTRACT16”的前一个定义 (编译源文件 ..\3rd\math\math\kiss_fftr.c)
d:\worksvn\trunk\code\tools_pc\softloader\04.code\softloader\3rd\math\math\skv_math_core.h(113): warning C4005: “EXTEND32”: 宏重定义 (编译源文件 ..\3rd\math\math\kiss_fftr.c)
  d:\worksvn\trunk\code\tools_pc\softloader\04.code\softloader\3rd\math\math\fixed_generic.h(44): note: 参见“EXTEND32”的前一个定义 (编译源文件 ..\3rd\math\math\kiss_fftr.c)
d:\worksvn\trunk\code\tools_pc\softloader\04.code\softloader\3rd\math\math\skv_math_core.h(114): warning C4005: “SHR16”: 宏重定义 (编译源文件 ..\3rd\math\math\kiss_fftr.c)
  d:\worksvn\trunk\code\tools_pc\softloader\04.code\softloader\3rd\math\math\fixed_generic.h(45): note: 参见“SHR16”的前一个定义 (编译源文件 ..\3rd\math\math\kiss_fftr.c)
d:\worksvn\trunk\code\tools_pc\softloader\04.code\softloader\3rd\math\math\skv_math_core.h(115): warning C4005: “SHL16”: 宏重定义 (编译源文件 ..\3rd\math\math\kiss_fftr.c)
  d:\worksvn\trunk\code\tools_pc\softloader\04.code\softloader\3rd\math\math\fixed_generic.h(46): note: 参见“SHL16”的前一个定义 (编译源文件 ..\3rd\math\math\kiss_fftr.c)
d:\worksvn\trunk\code\tools_pc\softloader\04.code\softloader\3rd\math\math\skv_math_core.h(116): warning C4005: “SHR32”: 宏重定义 (编译源文件 ..\3rd\math\math\kiss_fftr.c)
  d:\worksvn\trunk\code\tools_pc\softloader\04.code\softloader\3rd\math\math\fixed_generic.h(47): note: 参见“SHR32”的前一个定义 (编译源文件 ..\3rd\math\math\kiss_fftr.c)
d:\worksvn\trunk\code\tools_pc\softloader\04.code\softloader\3rd\math\math\skv_math_core.h(117): warning C4005: “SHL32”: 宏重定义 (编译源文件 ..\3rd\math\math\kiss_fftr.c)
  d:\worksvn\trunk\code\tools_pc\softloader\04.code\softloader\3rd\math\math\fixed_generic.h(48): note: 参见“SHL32”的前一个定义 (编译源文件 ..\3rd\math\math\kiss_fftr.c)
d:\worksvn\trunk\code\tools_pc\softloader\04.code\softloader\3rd\math\math\skv_math_core.h(118): warning C4005: “PSHR16”: 宏重定义 (编译源文件 ..\3rd\math\math\kiss_fftr.c)
  d:\worksvn\trunk\code\tools_pc\softloader\04.code\softloader\3rd\math\math\fixed_generic.h(49): note: 参见“PSHR16”的前一个定义 (编译源文件 ..\3rd\math\math\kiss_fftr.c)
d:\worksvn\trunk\code\tools_pc\softloader\04.code\softloader\3rd\math\math\skv_math_core.h(119): warning C4005: “PSHR32”: 宏重定义 (编译源文件 ..\3rd\math\math\kiss_fftr.c)
  d:\worksvn\trunk\code\tools_pc\softloader\04.code\softloader\3rd\math\math\fixed_generic.h(50): note: 参见“PSHR32”的前一个定义 (编译源文件 ..\3rd\math\math\kiss_fftr.c)
d:\worksvn\trunk\code\tools_pc\softloader\04.code\softloader\3rd\math\math\skv_math_core.h(120): warning C4005: “VSHR32”: 宏重定义 (编译源文件 ..\3rd\math\math\kiss_fftr.c)
  d:\worksvn\trunk\code\tools_pc\softloader\04.code\softloader\3rd\math\math\fixed_generic.h(51): note: 参见“VSHR32”的前一个定义 (编译源文件 ..\3rd\math\math\kiss_fftr.c)
d:\worksvn\trunk\code\tools_pc\softloader\04.code\softloader\3rd\math\math\skv_math_core.h(121): warning C4005: “SATURATE16”: 宏重定义 (编译源文件 ..\3rd\math\math\kiss_fftr.c)
  d:\worksvn\trunk\code\tools_pc\softloader\04.code\softloader\3rd\math\math\fixed_generic.h(52): note: 参见“SATURATE16”的前一个定义 (编译源文件 ..\3rd\math\math\kiss_fftr.c)
d:\worksvn\trunk\code\tools_pc\softloader\04.code\softloader\3rd\math\math\skv_math_core.h(122): warning C4005: “SATURATE32”: 宏重定义 (编译源文件 ..\3rd\math\math\kiss_fftr.c)
  d:\worksvn\trunk\code\tools_pc\softloader\04.code\softloader\3rd\math\math\fixed_generic.h(53): note: 参见“SATURATE32”的前一个定义 (编译源文件 ..\3rd\math\math\kiss_fftr.c)
d:\worksvn\trunk\code\tools_pc\softloader\04.code\softloader\3rd\math\math\skv_math_core.h(123): warning C4005: “SATURATE32PSHR”: 宏重定义 (编译源文件 ..\3rd\math\math\kiss_fftr.c)
  d:\worksvn\trunk\code\tools_pc\softloader\04.code\softloader\3rd\math\math\fixed_generic.h(57): note: 参见“SATURATE32PSHR”的前一个定义 (编译源文件 ..\3rd\math\math\kiss_fftr.c)
d:\worksvn\trunk\code\tools_pc\softloader\04.code\softloader\3rd\math\math\skv_math_core.h(125): warning C4005: “PSHR”: 宏重定义 (编译源文件 ..\3rd\math\math\kiss_fftr.c)
  d:\worksvn\trunk\code\tools_pc\softloader\04.code\softloader\3rd\math\math\fixed_generic.h(61): note: 参见“PSHR”的前一个定义 (编译源文件 ..\3rd\math\math\kiss_fftr.c)
d:\worksvn\trunk\code\tools_pc\softloader\04.code\softloader\3rd\math\math\skv_math_core.h(126): warning C4005: “SHR”: 宏重定义 (编译源文件 ..\3rd\math\math\kiss_fftr.c)
  d:\worksvn\trunk\code\tools_pc\softloader\04.code\softloader\3rd\math\math\fixed_generic.h(59): note: 参见“SHR”的前一个定义 (编译源文件 ..\3rd\math\math\kiss_fftr.c)
d:\worksvn\trunk\code\tools_pc\softloader\04.code\softloader\3rd\math\math\skv_math_core.h(127): warning C4005: “SHL”: 宏重定义 (编译源文件 ..\3rd\math\math\kiss_fftr.c)
  d:\worksvn\trunk\code\tools_pc\softloader\04.code\softloader\3rd\math\math\fixed_generic.h(60): note: 参见“SHL”的前一个定义 (编译源文件 ..\3rd\math\math\kiss_fftr.c)
d:\worksvn\trunk\code\tools_pc\softloader\04.code\softloader\3rd\math\math\skv_math_core.h(128): warning C4005: “SATURATE”: 宏重定义 (编译源文件 ..\3rd\math\math\kiss_fftr.c)
  d:\worksvn\trunk\code\tools_pc\softloader\04.code\softloader\3rd\math\math\fixed_generic.h(62): note: 参见“SATURATE”的前一个定义 (编译源文件 ..\3rd\math\math\kiss_fftr.c)
d:\worksvn\trunk\code\tools_pc\softloader\04.code\softloader\3rd\math\math\skv_math_core.h(130): warning C4005: “ADD16”: 宏重定义 (编译源文件 ..\3rd\math\math\kiss_fftr.c)
  d:\worksvn\trunk\code\tools_pc\softloader\04.code\softloader\3rd\math\math\fixed_generic.h(65): note: 参见“ADD16”的前一个定义 (编译源文件 ..\3rd\math\math\kiss_fftr.c)
d:\worksvn\trunk\code\tools_pc\softloader\04.code\softloader\3rd\math\math\skv_math_core.h(131): warning C4005: “SUB16”: 宏重定义 (编译源文件 ..\3rd\math\math\kiss_fftr.c)
  d:\worksvn\trunk\code\tools_pc\softloader\04.code\softloader\3rd\math\math\fixed_generic.h(66): note: 参见“SUB16”的前一个定义 (编译源文件 ..\3rd\math\math\kiss_fftr.c)
d:\worksvn\trunk\code\tools_pc\softloader\04.code\softloader\3rd\math\math\skv_math_core.h(132): warning C4005: “ADD32”: 宏重定义 (编译源文件 ..\3rd\math\math\kiss_fftr.c)
  d:\worksvn\trunk\code\tools_pc\softloader\04.code\softloader\3rd\math\math\fixed_generic.h(67): note: 参见“ADD32”的前一个定义 (编译源文件 ..\3rd\math\math\kiss_fftr.c)
d:\worksvn\trunk\code\tools_pc\softloader\04.code\softloader\3rd\math\math\skv_math_core.h(133): warning C4005: “SUB32”: 宏重定义 (编译源文件 ..\3rd\math\math\kiss_fftr.c)
  d:\worksvn\trunk\code\tools_pc\softloader\04.code\softloader\3rd\math\math\fixed_generic.h(68): note: 参见“SUB32”的前一个定义 (编译源文件 ..\3rd\math\math\kiss_fftr.c)
d:\worksvn\trunk\code\tools_pc\softloader\04.code\softloader\3rd\math\math\skv_math_core.h(134): warning C4005: “MULT16_16_16”: 宏重定义 (编译源文件 ..\3rd\math\math\kiss_fftr.c)
  d:\worksvn\trunk\code\tools_pc\softloader\04.code\softloader\3rd\math\math\fixed_generic.h(72): note: 参见“MULT16_16_16”的前一个定义 (编译源文件 ..\3rd\math\math\kiss_fftr.c)
d:\worksvn\trunk\code\tools_pc\softloader\04.code\softloader\3rd\math\math\skv_math_core.h(135): warning C4005: “MULT16_16”: 宏重定义 (编译源文件 ..\3rd\math\math\kiss_fftr.c)
  d:\worksvn\trunk\code\tools_pc\softloader\04.code\softloader\3rd\math\math\fixed_generic.h(75): note: 参见“MULT16_16”的前一个定义 (编译源文件 ..\3rd\math\math\kiss_fftr.c)
  kiss_fftr_fix.c
d:\worksvn\trunk\code\tools_pc\softloader\04.code\softloader\3rd\math\math\skv_math_core.h(136): warning C4005: “MAC16_16”: 宏重定义 (编译源文件 ..\3rd\math\math\kiss_fftr.c)
  d:\worksvn\trunk\code\tools_pc\softloader\04.code\softloader\3rd\math\math\fixed_generic.h(77): note: 参见“MAC16_16”的前一个定义 (编译源文件 ..\3rd\math\math\kiss_fftr.c)
d:\worksvn\trunk\code\tools_pc\softloader\04.code\softloader\3rd\math\math\skv_math_core.h(138): warning C4005: “MULT16_32_Q11”: 宏重定义 (编译源文件 ..\3rd\math\math\kiss_fftr.c)
  d:\worksvn\trunk\code\tools_pc\softloader\04.code\softloader\3rd\math\math\fixed_generic.h(82): note: 参见“MULT16_32_Q11”的前一个定义 (编译源文件 ..\3rd\math\math\kiss_fftr.c)
d:\worksvn\trunk\code\tools_pc\softloader\04.code\softloader\3rd\math\math\skv_math_core.h(139): warning C4005: “MULT16_32_Q13”: 宏重定义 (编译源文件 ..\3rd\math\math\kiss_fftr.c)
  d:\worksvn\trunk\code\tools_pc\softloader\04.code\softloader\3rd\math\math\fixed_generic.h(79): note: 参见“MULT16_32_Q13”的前一个定义 (编译源文件 ..\3rd\math\math\kiss_fftr.c)
d:\worksvn\trunk\code\tools_pc\softloader\04.code\softloader\3rd\math\math\skv_math_core.h(140): warning C4005: “MULT16_32_Q14”: 宏重定义 (编译源文件 ..\3rd\math\math\kiss_fftr.c)
  d:\worksvn\trunk\code\tools_pc\softloader\04.code\softloader\3rd\math\math\fixed_generic.h(80): note: 参见“MULT16_32_Q14”的前一个定义 (编译源文件 ..\3rd\math\math\kiss_fftr.c)
d:\worksvn\trunk\code\tools_pc\softloader\04.code\softloader\3rd\math\math\skv_math_core.h(141): warning C4005: “MULT16_32_Q15”: 宏重定义 (编译源文件 ..\3rd\math\math\kiss_fftr.c)
  d:\worksvn\trunk\code\tools_pc\softloader\04.code\softloader\3rd\math\math\fixed_generic.h(86): note: 参见“MULT16_32_Q15”的前一个定义 (编译源文件 ..\3rd\math\math\kiss_fftr.c)
d:\worksvn\trunk\code\tools_pc\softloader\04.code\softloader\3rd\math\math\skv_math_core.h(142): warning C4005: “MULT16_32_P15”: 宏重定义 (编译源文件 ..\3rd\math\math\kiss_fftr.c)
  d:\worksvn\trunk\code\tools_pc\softloader\04.code\softloader\3rd\math\math\fixed_generic.h(85): note: 参见“MULT16_32_P15”的前一个定义 (编译源文件 ..\3rd\math\math\kiss_fftr.c)
d:\worksvn\trunk\code\tools_pc\softloader\04.code\softloader\3rd\math\math\skv_math_core.h(144): warning C4005: “MAC16_32_Q11”: 宏重定义 (编译源文件 ..\3rd\math\math\kiss_fftr.c)
  d:\worksvn\trunk\code\tools_pc\softloader\04.code\softloader\3rd\math\math\fixed_generic.h(83): note: 参见“MAC16_32_Q11”的前一个定义 (编译源文件 ..\3rd\math\math\kiss_fftr.c)
d:\worksvn\trunk\code\tools_pc\softloader\04.code\softloader\3rd\math\math\skv_math_core.h(145): warning C4005: “MAC16_32_Q15”: 宏重定义 (编译源文件 ..\3rd\math\math\kiss_fftr.c)
  d:\worksvn\trunk\code\tools_pc\softloader\04.code\softloader\3rd\math\math\fixed_generic.h(87): note: 参见“MAC16_32_Q15”的前一个定义 (编译源文件 ..\3rd\math\math\kiss_fftr.c)
d:\worksvn\trunk\code\tools_pc\softloader\04.code\softloader\3rd\math\math\skv_math_core.h(147): warning C4005: “MAC16_16_Q11”: 宏重定义 (编译源文件 ..\3rd\math\math\kiss_fftr.c)
  d:\worksvn\trunk\code\tools_pc\softloader\04.code\softloader\3rd\math\math\fixed_generic.h(90): note: 参见“MAC16_16_Q11”的前一个定义 (编译源文件 ..\3rd\math\math\kiss_fftr.c)
d:\worksvn\trunk\code\tools_pc\softloader\04.code\softloader\3rd\math\math\skv_math_core.h(148): warning C4005: “MAC16_16_Q13”: 宏重定义 (编译源文件 ..\3rd\math\math\kiss_fftr.c)
  d:\worksvn\trunk\code\tools_pc\softloader\04.code\softloader\3rd\math\math\fixed_generic.h(91): note: 参见“MAC16_16_Q13”的前一个定义 (编译源文件 ..\3rd\math\math\kiss_fftr.c)
d:\worksvn\trunk\code\tools_pc\softloader\04.code\softloader\3rd\math\math\skv_math_core.h(149): warning C4005: “MAC16_16_P13”: 宏重定义 (编译源文件 ..\3rd\math\math\kiss_fftr.c)
  d:\worksvn\trunk\code\tools_pc\softloader\04.code\softloader\3rd\math\math\fixed_generic.h(92): note: 参见“MAC16_16_P13”的前一个定义 (编译源文件 ..\3rd\math\math\kiss_fftr.c)
d:\worksvn\trunk\code\tools_pc\softloader\04.code\softloader\3rd\math\math\skv_math_core.h(150): warning C4005: “MULT16_16_Q11_32”: 宏重定义 (编译源文件 ..\3rd\math\math\kiss_fftr.c)
  d:\worksvn\trunk\code\tools_pc\softloader\04.code\softloader\3rd\math\math\fixed_generic.h(94): note: 参见“MULT16_16_Q11_32”的前一个定义 (编译源文件 ..\3rd\math\math\kiss_fftr.c)
d:\worksvn\trunk\code\tools_pc\softloader\04.code\softloader\3rd\math\math\skv_math_core.h(151): warning C4005: “MULT16_16_Q13”: 宏重定义 (编译源文件 ..\3rd\math\math\kiss_fftr.c)
  d:\worksvn\trunk\code\tools_pc\softloader\04.code\softloader\3rd\math\math\fixed_generic.h(95): note: 参见“MULT16_16_Q13”的前一个定义 (编译源文件 ..\3rd\math\math\kiss_fftr.c)
d:\worksvn\trunk\code\tools_pc\softloader\04.code\softloader\3rd\math\math\skv_math_core.h(152): warning C4005: “MULT16_16_Q14”: 宏重定义 (编译源文件 ..\3rd\math\math\kiss_fftr.c)
  d:\worksvn\trunk\code\tools_pc\softloader\04.code\softloader\3rd\math\math\fixed_generic.h(96): note: 参见“MULT16_16_Q14”的前一个定义 (编译源文件 ..\3rd\math\math\kiss_fftr.c)
d:\worksvn\trunk\code\tools_pc\softloader\04.code\softloader\3rd\math\math\skv_math_core.h(153): warning C4005: “MULT16_16_Q15”: 宏重定义 (编译源文件 ..\3rd\math\math\kiss_fftr.c)
  d:\worksvn\trunk\code\tools_pc\softloader\04.code\softloader\3rd\math\math\fixed_generic.h(97): note: 参见“MULT16_16_Q15”的前一个定义 (编译源文件 ..\3rd\math\math\kiss_fftr.c)
d:\worksvn\trunk\code\tools_pc\softloader\04.code\softloader\3rd\math\math\skv_math_core.h(154): warning C4005: “MULT16_16_P15”: 宏重定义 (编译源文件 ..\3rd\math\math\kiss_fftr.c)
  d:\worksvn\trunk\code\tools_pc\softloader\04.code\softloader\3rd\math\math\fixed_generic.h(101): note: 参见“MULT16_16_P15”的前一个定义 (编译源文件 ..\3rd\math\math\kiss_fftr.c)
d:\worksvn\trunk\code\tools_pc\softloader\04.code\softloader\3rd\math\math\skv_math_core.h(155): warning C4005: “MULT16_16_P13”: 宏重定义 (编译源文件 ..\3rd\math\math\kiss_fftr.c)
  d:\worksvn\trunk\code\tools_pc\softloader\04.code\softloader\3rd\math\math\fixed_generic.h(99): note: 参见“MULT16_16_P13”的前一个定义 (编译源文件 ..\3rd\math\math\kiss_fftr.c)
d:\worksvn\trunk\code\tools_pc\softloader\04.code\softloader\3rd\math\math\skv_math_core.h(156): warning C4005: “MULT16_16_P14”: 宏重定义 (编译源文件 ..\3rd\math\math\kiss_fftr.c)
  d:\worksvn\trunk\code\tools_pc\softloader\04.code\softloader\3rd\math\math\fixed_generic.h(100): note: 参见“MULT16_16_P14”的前一个定义 (编译源文件 ..\3rd\math\math\kiss_fftr.c)
d:\worksvn\trunk\code\tools_pc\softloader\04.code\softloader\3rd\math\math\skv_math_core.h(158): warning C4005: “DIV32_16”: 宏重定义 (编译源文件 ..\3rd\math\math\kiss_fftr.c)
  d:\worksvn\trunk\code\tools_pc\softloader\04.code\softloader\3rd\math\math\fixed_generic.h(105): note: 参见“DIV32_16”的前一个定义 (编译源文件 ..\3rd\math\math\kiss_fftr.c)
d:\worksvn\trunk\code\tools_pc\softloader\04.code\softloader\3rd\math\math\skv_math_core.h(159): warning C4005: “PDIV32_16”: 宏重定义 (编译源文件 ..\3rd\math\math\kiss_fftr.c)
  d:\worksvn\trunk\code\tools_pc\softloader\04.code\softloader\3rd\math\math\fixed_generic.h(106): note: 参见“PDIV32_16”的前一个定义 (编译源文件 ..\3rd\math\math\kiss_fftr.c)
d:\worksvn\trunk\code\tools_pc\softloader\04.code\softloader\3rd\math\math\skv_math_core.h(160): warning C4005: “DIV32”: 宏重定义 (编译源文件 ..\3rd\math\math\kiss_fftr.c)
  d:\worksvn\trunk\code\tools_pc\softloader\04.code\softloader\3rd\math\math\fixed_generic.h(107): note: 参见“DIV32”的前一个定义 (编译源文件 ..\3rd\math\math\kiss_fftr.c)
d:\worksvn\trunk\code\tools_pc\softloader\04.code\softloader\3rd\math\math\skv_math_core.h(161): warning C4005: “PDIV32”: 宏重定义 (编译源文件 ..\3rd\math\math\kiss_fftr.c)
  d:\worksvn\trunk\code\tools_pc\softloader\04.code\softloader\3rd\math\math\fixed_generic.h(108): note: 参见“PDIV32”的前一个定义 (编译源文件 ..\3rd\math\math\kiss_fftr.c)
d:\worksvn\trunk\code\tools_pc\softloader\04.code\softloader\3rd\math\math\skv_math_core_fix.h(52): warning C4005: “MIN”: 宏重定义 (编译源文件 ..\3rd\math\math\kiss_fftr_fix.c)
  d:\worksvn\trunk\code\tools_pc\softloader\04.code\softloader\3rd\math\math\_kiss_fft_guts_fix.h(15): note: 参见“MIN”的前一个定义 (编译源文件 ..\3rd\math\math\kiss_fftr_fix.c)
d:\worksvn\trunk\code\tools_pc\softloader\04.code\softloader\3rd\math\math\skv_math_core_fix.h(53): warning C4005: “MAX”: 宏重定义 (编译源文件 ..\3rd\math\math\kiss_fftr_fix.c)
  d:\worksvn\trunk\code\tools_pc\softloader\04.code\softloader\3rd\math\math\_kiss_fft_guts_fix.h(16): note: 参见“MAX”的前一个定义 (编译源文件 ..\3rd\math\math\kiss_fftr_fix.c)
d:\worksvn\trunk\code\tools_pc\softloader\04.code\softloader\3rd\math\math\skv_math_core_fix.h(77): warning C4005: “VERY_LARGE32”: 宏重定义 (编译源文件 ..\3rd\math\math\kiss_fftr_fix.c)
  d:\worksvn\trunk\code\tools_pc\softloader\04.code\softloader\3rd\math\basic\skv_fixed.h(33): note: 参见“VERY_LARGE32”的前一个定义 (编译源文件 ..\3rd\math\math\kiss_fftr_fix.c)
d:\worksvn\trunk\code\tools_pc\softloader\04.code\softloader\3rd\math\math\skv_math_core_fix.h(78): warning C4005: “VERY_LARGE16”: 宏重定义 (编译源文件 ..\3rd\math\math\kiss_fftr_fix.c)
  d:\worksvn\trunk\code\tools_pc\softloader\04.code\softloader\3rd\math\basic\skv_fixed.h(34): note: 参见“VERY_LARGE16”的前一个定义 (编译源文件 ..\3rd\math\math\kiss_fftr_fix.c)
  kiss_fft_fix.c
  map.c
d:\worksvn\trunk\code\tools_pc\softloader\04.code\softloader\3rd\math\math\skv_math_core_fix.h(52): warning C4005: “MIN”: 宏重定义 (编译源文件 ..\3rd\math\math\kiss_fft_fix.c)
  d:\worksvn\trunk\code\tools_pc\softloader\04.code\softloader\3rd\math\math\_kiss_fft_guts_fix.h(15): note: 参见“MIN”的前一个定义 (编译源文件 ..\3rd\math\math\kiss_fft_fix.c)
  skv_fastmath.c
d:\worksvn\trunk\code\tools_pc\softloader\04.code\softloader\3rd\math\math\skv_math_core_fix.h(53): warning C4005: “MAX”: 宏重定义 (编译源文件 ..\3rd\math\math\kiss_fft_fix.c)
  d:\worksvn\trunk\code\tools_pc\softloader\04.code\softloader\3rd\math\math\_kiss_fft_guts_fix.h(16): note: 参见“MAX”的前一个定义 (编译源文件 ..\3rd\math\math\kiss_fft_fix.c)
d:\worksvn\trunk\code\tools_pc\softloader\04.code\softloader\3rd\math\math\skv_math_core_fix.h(77): warning C4005: “VERY_LARGE32”: 宏重定义 (编译源文件 ..\3rd\math\math\kiss_fft_fix.c)
  d:\worksvn\trunk\code\tools_pc\softloader\04.code\softloader\3rd\math\basic\skv_fixed.h(33): note: 参见“VERY_LARGE32”的前一个定义 (编译源文件 ..\3rd\math\math\kiss_fft_fix.c)
d:\worksvn\trunk\code\tools_pc\softloader\04.code\softloader\3rd\math\math\skv_math_core_fix.h(78): warning C4005: “VERY_LARGE16”: 宏重定义 (编译源文件 ..\3rd\math\math\kiss_fft_fix.c)
  d:\worksvn\trunk\code\tools_pc\softloader\04.code\softloader\3rd\math\basic\skv_fixed.h(34): note: 参见“VERY_LARGE16”的前一个定义 (编译源文件 ..\3rd\math\math\kiss_fft_fix.c)
  skv_fftwrap.c
d:\worksvn\trunk\code\tools_pc\softloader\04.code\softloader\3rd\math\math\skv_math_core.h(93): warning C4005: “Q15ONE”: 宏重定义 (编译源文件 ..\3rd\math\math\skv_fastmath.c)
  d:\worksvn\trunk\code\tools_pc\softloader\04.code\softloader\3rd\math\basic\skv_fixed.h(19): note: 参见“Q15ONE”的前一个定义 (编译源文件 ..\3rd\math\math\skv_fastmath.c)
d:\worksvn\trunk\code\tools_pc\softloader\04.code\softloader\3rd\math\math\skv_math_core.h(94): warning C4005: “LPC_SCALING”: 宏重定义 (编译源文件 ..\3rd\math\math\skv_fastmath.c)
  d:\worksvn\trunk\code\tools_pc\softloader\04.code\softloader\3rd\math\basic\skv_fixed.h(20): note: 参见“LPC_SCALING”的前一个定义 (编译源文件 ..\3rd\math\math\skv_fastmath.c)
d:\worksvn\trunk\code\tools_pc\softloader\04.code\softloader\3rd\math\math\skv_math_core.h(95): warning C4005: “SIG_SCALING”: 宏重定义 (编译源文件 ..\3rd\math\math\skv_fastmath.c)
  d:\worksvn\trunk\code\tools_pc\softloader\04.code\softloader\3rd\math\basic\skv_fixed.h(21): note: 参见“SIG_SCALING”的前一个定义 (编译源文件 ..\3rd\math\math\skv_fastmath.c)
d:\worksvn\trunk\code\tools_pc\softloader\04.code\softloader\3rd\math\math\skv_math_core.h(96): warning C4005: “LSP_SCALING”: 宏重定义 (编译源文件 ..\3rd\math\math\skv_fastmath.c)
  d:\worksvn\trunk\code\tools_pc\softloader\04.code\softloader\3rd\math\basic\skv_fixed.h(22): note: 参见“LSP_SCALING”的前一个定义 (编译源文件 ..\3rd\math\math\skv_fastmath.c)
d:\worksvn\trunk\code\tools_pc\softloader\04.code\softloader\3rd\math\math\skv_math_core.h(97): warning C4005: “GAMMA_SCALING”: 宏重定义 (编译源文件 ..\3rd\math\math\skv_fastmath.c)
  d:\worksvn\trunk\code\tools_pc\softloader\04.code\softloader\3rd\math\basic\skv_fixed.h(23): note: 参见“GAMMA_SCALING”的前一个定义 (编译源文件 ..\3rd\math\math\skv_fastmath.c)
d:\worksvn\trunk\code\tools_pc\softloader\04.code\softloader\3rd\math\math\skv_math_core.h(98): warning C4005: “GAIN_SCALING”: 宏重定义 (编译源文件 ..\3rd\math\math\skv_fastmath.c)
  d:\worksvn\trunk\code\tools_pc\softloader\04.code\softloader\3rd\math\basic\skv_fixed.h(24): note: 参见“GAIN_SCALING”的前一个定义 (编译源文件 ..\3rd\math\math\skv_fastmath.c)
d:\worksvn\trunk\code\tools_pc\softloader\04.code\softloader\3rd\math\math\skv_math_core.h(99): warning C4005: “GAIN_SCALING_1”: 宏重定义 (编译源文件 ..\3rd\math\math\skv_fastmath.c)
  d:\worksvn\trunk\code\tools_pc\softloader\04.code\softloader\3rd\math\basic\skv_fixed.h(25): note: 参见“GAIN_SCALING_1”的前一个定义 (编译源文件 ..\3rd\math\math\skv_fastmath.c)
d:\worksvn\trunk\code\tools_pc\softloader\04.code\softloader\3rd\math\math\skv_math_core.h(102): warning C4005: “VERY_SMALL”: 宏重定义 (编译源文件 ..\3rd\math\math\skv_fastmath.c)
  d:\worksvn\trunk\code\tools_pc\softloader\04.code\softloader\3rd\math\basic\skv_fixed.h(32): note: 参见“VERY_SMALL”的前一个定义 (编译源文件 ..\3rd\math\math\skv_fastmath.c)
d:\worksvn\trunk\code\tools_pc\softloader\04.code\softloader\3rd\math\math\skv_math_core.h(103): warning C4005: “VERY_LARGE32”: 宏重定义 (编译源文件 ..\3rd\math\math\skv_fastmath.c)
  d:\worksvn\trunk\code\tools_pc\softloader\04.code\softloader\3rd\math\basic\skv_fixed.h(33): note: 参见“VERY_LARGE32”的前一个定义 (编译源文件 ..\3rd\math\math\skv_fastmath.c)
d:\worksvn\trunk\code\tools_pc\softloader\04.code\softloader\3rd\math\math\skv_math_core.h(104): warning C4005: “VERY_LARGE16”: 宏重定义 (编译源文件 ..\3rd\math\math\skv_fastmath.c)
  d:\worksvn\trunk\code\tools_pc\softloader\04.code\softloader\3rd\math\basic\skv_fixed.h(34): note: 参见“VERY_LARGE16”的前一个定义 (编译源文件 ..\3rd\math\math\skv_fastmath.c)
d:\worksvn\trunk\code\tools_pc\softloader\04.code\softloader\3rd\math\math\skv_math_core.h(107): warning C4005: “QCONST16”: 宏重定义 (编译源文件 ..\3rd\math\math\skv_fastmath.c)
  d:\worksvn\trunk\code\tools_pc\softloader\04.code\softloader\3rd\math\math\fixed_generic.h(38): note: 参见“QCONST16”的前一个定义 (编译源文件 ..\3rd\math\math\skv_fastmath.c)
d:\worksvn\trunk\code\tools_pc\softloader\04.code\softloader\3rd\math\math\skv_math_core.h(108): warning C4005: “QCONST32”: 宏重定义 (编译源文件 ..\3rd\math\math\skv_fastmath.c)
  d:\worksvn\trunk\code\tools_pc\softloader\04.code\softloader\3rd\math\math\fixed_generic.h(39): note: 参见“QCONST32”的前一个定义 (编译源文件 ..\3rd\math\math\skv_fastmath.c)
d:\worksvn\trunk\code\tools_pc\softloader\04.code\softloader\3rd\math\math\skv_math_core.h(112): warning C4005: “EXTRACT16”: 宏重定义 (编译源文件 ..\3rd\math\math\skv_fastmath.c)
  d:\worksvn\trunk\code\tools_pc\softloader\04.code\softloader\3rd\math\math\fixed_generic.h(43): note: 参见“EXTRACT16”的前一个定义 (编译源文件 ..\3rd\math\math\skv_fastmath.c)
d:\worksvn\trunk\code\tools_pc\softloader\04.code\softloader\3rd\math\math\skv_math_core.h(113): warning C4005: “EXTEND32”: 宏重定义 (编译源文件 ..\3rd\math\math\skv_fastmath.c)
  d:\worksvn\trunk\code\tools_pc\softloader\04.code\softloader\3rd\math\math\fixed_generic.h(44): note: 参见“EXTEND32”的前一个定义 (编译源文件 ..\3rd\math\math\skv_fastmath.c)
d:\worksvn\trunk\code\tools_pc\softloader\04.code\softloader\3rd\math\math\skv_math_core.h(114): warning C4005: “SHR16”: 宏重定义 (编译源文件 ..\3rd\math\math\skv_fastmath.c)
  d:\worksvn\trunk\code\tools_pc\softloader\04.code\softloader\3rd\math\math\fixed_generic.h(45): note: 参见“SHR16”的前一个定义 (编译源文件 ..\3rd\math\math\skv_fastmath.c)
d:\worksvn\trunk\code\tools_pc\softloader\04.code\softloader\3rd\math\math\skv_math_core.h(115): warning C4005: “SHL16”: 宏重定义 (编译源文件 ..\3rd\math\math\skv_fastmath.c)
  d:\worksvn\trunk\code\tools_pc\softloader\04.code\softloader\3rd\math\math\fixed_generic.h(46): note: 参见“SHL16”的前一个定义 (编译源文件 ..\3rd\math\math\skv_fastmath.c)
d:\worksvn\trunk\code\tools_pc\softloader\04.code\softloader\3rd\math\math\skv_math_core.h(116): warning C4005: “SHR32”: 宏重定义 (编译源文件 ..\3rd\math\math\skv_fastmath.c)
  d:\worksvn\trunk\code\tools_pc\softloader\04.code\softloader\3rd\math\math\fixed_generic.h(47): note: 参见“SHR32”的前一个定义 (编译源文件 ..\3rd\math\math\skv_fastmath.c)
d:\worksvn\trunk\code\tools_pc\softloader\04.code\softloader\3rd\math\math\skv_math_core.h(117): warning C4005: “SHL32”: 宏重定义 (编译源文件 ..\3rd\math\math\skv_fastmath.c)
  d:\worksvn\trunk\code\tools_pc\softloader\04.code\softloader\3rd\math\math\fixed_generic.h(48): note: 参见“SHL32”的前一个定义 (编译源文件 ..\3rd\math\math\skv_fastmath.c)
d:\worksvn\trunk\code\tools_pc\softloader\04.code\softloader\3rd\math\math\skv_math_core.h(118): warning C4005: “PSHR16”: 宏重定义 (编译源文件 ..\3rd\math\math\skv_fastmath.c)
  d:\worksvn\trunk\code\tools_pc\softloader\04.code\softloader\3rd\math\math\fixed_generic.h(49): note: 参见“PSHR16”的前一个定义 (编译源文件 ..\3rd\math\math\skv_fastmath.c)
d:\worksvn\trunk\code\tools_pc\softloader\04.code\softloader\3rd\math\math\skv_math_core.h(119): warning C4005: “PSHR32”: 宏重定义 (编译源文件 ..\3rd\math\math\skv_fastmath.c)
  d:\worksvn\trunk\code\tools_pc\softloader\04.code\softloader\3rd\math\math\fixed_generic.h(50): note: 参见“PSHR32”的前一个定义 (编译源文件 ..\3rd\math\math\skv_fastmath.c)
d:\worksvn\trunk\code\tools_pc\softloader\04.code\softloader\3rd\math\math\skv_math_core.h(120): warning C4005: “VSHR32”: 宏重定义 (编译源文件 ..\3rd\math\math\skv_fastmath.c)
  d:\worksvn\trunk\code\tools_pc\softloader\04.code\softloader\3rd\math\math\fixed_generic.h(51): note: 参见“VSHR32”的前一个定义 (编译源文件 ..\3rd\math\math\skv_fastmath.c)
d:\worksvn\trunk\code\tools_pc\softloader\04.code\softloader\3rd\math\math\skv_math_core.h(121): warning C4005: “SATURATE16”: 宏重定义 (编译源文件 ..\3rd\math\math\skv_fastmath.c)
  d:\worksvn\trunk\code\tools_pc\softloader\04.code\softloader\3rd\math\math\fixed_generic.h(52): note: 参见“SATURATE16”的前一个定义 (编译源文件 ..\3rd\math\math\skv_fastmath.c)
d:\worksvn\trunk\code\tools_pc\softloader\04.code\softloader\3rd\math\math\skv_math_core.h(122): warning C4005: “SATURATE32”: 宏重定义 (编译源文件 ..\3rd\math\math\skv_fastmath.c)
  d:\worksvn\trunk\code\tools_pc\softloader\04.code\softloader\3rd\math\math\fixed_generic.h(53): note: 参见“SATURATE32”的前一个定义 (编译源文件 ..\3rd\math\math\skv_fastmath.c)
d:\worksvn\trunk\code\tools_pc\softloader\04.code\softloader\3rd\math\math\skv_math_core.h(123): warning C4005: “SATURATE32PSHR”: 宏重定义 (编译源文件 ..\3rd\math\math\skv_fastmath.c)
  d:\worksvn\trunk\code\tools_pc\softloader\04.code\softloader\3rd\math\math\fixed_generic.h(57): note: 参见“SATURATE32PSHR”的前一个定义 (编译源文件 ..\3rd\math\math\skv_fastmath.c)
d:\worksvn\trunk\code\tools_pc\softloader\04.code\softloader\3rd\math\math\skv_math_core.h(125): warning C4005: “PSHR”: 宏重定义 (编译源文件 ..\3rd\math\math\skv_fastmath.c)
  d:\worksvn\trunk\code\tools_pc\softloader\04.code\softloader\3rd\math\math\fixed_generic.h(61): note: 参见“PSHR”的前一个定义 (编译源文件 ..\3rd\math\math\skv_fastmath.c)
d:\worksvn\trunk\code\tools_pc\softloader\04.code\softloader\3rd\math\math\skv_math_core.h(126): warning C4005: “SHR”: 宏重定义 (编译源文件 ..\3rd\math\math\skv_fastmath.c)
  d:\worksvn\trunk\code\tools_pc\softloader\04.code\softloader\3rd\math\math\fixed_generic.h(59): note: 参见“SHR”的前一个定义 (编译源文件 ..\3rd\math\math\skv_fastmath.c)
d:\worksvn\trunk\code\tools_pc\softloader\04.code\softloader\3rd\math\math\skv_math_core.h(127): warning C4005: “SHL”: 宏重定义 (编译源文件 ..\3rd\math\math\skv_fastmath.c)
  d:\worksvn\trunk\code\tools_pc\softloader\04.code\softloader\3rd\math\math\fixed_generic.h(60): note: 参见“SHL”的前一个定义 (编译源文件 ..\3rd\math\math\skv_fastmath.c)
d:\worksvn\trunk\code\tools_pc\softloader\04.code\softloader\3rd\math\math\skv_math_core.h(128): warning C4005: “SATURATE”: 宏重定义 (编译源文件 ..\3rd\math\math\skv_fastmath.c)
  d:\worksvn\trunk\code\tools_pc\softloader\04.code\softloader\3rd\math\math\fixed_generic.h(62): note: 参见“SATURATE”的前一个定义 (编译源文件 ..\3rd\math\math\skv_fastmath.c)
d:\worksvn\trunk\code\tools_pc\softloader\04.code\softloader\3rd\math\math\skv_math_core.h(130): warning C4005: “ADD16”: 宏重定义 (编译源文件 ..\3rd\math\math\skv_fastmath.c)
  d:\worksvn\trunk\code\tools_pc\softloader\04.code\softloader\3rd\math\math\fixed_generic.h(65): note: 参见“ADD16”的前一个定义 (编译源文件 ..\3rd\math\math\skv_fastmath.c)
d:\worksvn\trunk\code\tools_pc\softloader\04.code\softloader\3rd\math\math\skv_math_core.h(131): warning C4005: “SUB16”: 宏重定义 (编译源文件 ..\3rd\math\math\skv_fastmath.c)
  d:\worksvn\trunk\code\tools_pc\softloader\04.code\softloader\3rd\math\math\fixed_generic.h(66): note: 参见“SUB16”的前一个定义 (编译源文件 ..\3rd\math\math\skv_fastmath.c)
d:\worksvn\trunk\code\tools_pc\softloader\04.code\softloader\3rd\math\math\skv_math_core.h(132): warning C4005: “ADD32”: 宏重定义 (编译源文件 ..\3rd\math\math\skv_fastmath.c)
  d:\worksvn\trunk\code\tools_pc\softloader\04.code\softloader\3rd\math\math\fixed_generic.h(67): note: 参见“ADD32”的前一个定义 (编译源文件 ..\3rd\math\math\skv_fastmath.c)
d:\worksvn\trunk\code\tools_pc\softloader\04.code\softloader\3rd\math\math\skv_math_core.h(133): warning C4005: “SUB32”: 宏重定义 (编译源文件 ..\3rd\math\math\skv_fastmath.c)
  d:\worksvn\trunk\code\tools_pc\softloader\04.code\softloader\3rd\math\math\fixed_generic.h(68): note: 参见“SUB32”的前一个定义 (编译源文件 ..\3rd\math\math\skv_fastmath.c)
d:\worksvn\trunk\code\tools_pc\softloader\04.code\softloader\3rd\math\math\skv_math_core.h(134): warning C4005: “MULT16_16_16”: 宏重定义 (编译源文件 ..\3rd\math\math\skv_fastmath.c)
  d:\worksvn\trunk\code\tools_pc\softloader\04.code\softloader\3rd\math\math\fixed_generic.h(72): note: 参见“MULT16_16_16”的前一个定义 (编译源文件 ..\3rd\math\math\skv_fastmath.c)
d:\worksvn\trunk\code\tools_pc\softloader\04.code\softloader\3rd\math\math\skv_math_core.h(135): warning C4005: “MULT16_16”: 宏重定义 (编译源文件 ..\3rd\math\math\skv_fastmath.c)
  d:\worksvn\trunk\code\tools_pc\softloader\04.code\softloader\3rd\math\math\fixed_generic.h(75): note: 参见“MULT16_16”的前一个定义 (编译源文件 ..\3rd\math\math\skv_fastmath.c)
d:\worksvn\trunk\code\tools_pc\softloader\04.code\softloader\3rd\math\math\skv_math_core.h(136): warning C4005: “MAC16_16”: 宏重定义 (编译源文件 ..\3rd\math\math\skv_fastmath.c)
  d:\worksvn\trunk\code\tools_pc\softloader\04.code\softloader\3rd\math\math\fixed_generic.h(77): note: 参见“MAC16_16”的前一个定义 (编译源文件 ..\3rd\math\math\skv_fastmath.c)
d:\worksvn\trunk\code\tools_pc\softloader\04.code\softloader\3rd\math\math\skv_math_core.h(138): warning C4005: “MULT16_32_Q11”: 宏重定义 (编译源文件 ..\3rd\math\math\skv_fastmath.c)
  d:\worksvn\trunk\code\tools_pc\softloader\04.code\softloader\3rd\math\math\fixed_generic.h(82): note: 参见“MULT16_32_Q11”的前一个定义 (编译源文件 ..\3rd\math\math\skv_fastmath.c)
d:\worksvn\trunk\code\tools_pc\softloader\04.code\softloader\3rd\math\math\skv_math_core.h(139): warning C4005: “MULT16_32_Q13”: 宏重定义 (编译源文件 ..\3rd\math\math\skv_fastmath.c)
  d:\worksvn\trunk\code\tools_pc\softloader\04.code\softloader\3rd\math\math\fixed_generic.h(79): note: 参见“MULT16_32_Q13”的前一个定义 (编译源文件 ..\3rd\math\math\skv_fastmath.c)
d:\worksvn\trunk\code\tools_pc\softloader\04.code\softloader\3rd\math\math\skv_math_core.h(140): warning C4005: “MULT16_32_Q14”: 宏重定义 (编译源文件 ..\3rd\math\math\skv_fastmath.c)
  d:\worksvn\trunk\code\tools_pc\softloader\04.code\softloader\3rd\math\math\fixed_generic.h(80): note: 参见“MULT16_32_Q14”的前一个定义 (编译源文件 ..\3rd\math\math\skv_fastmath.c)
d:\worksvn\trunk\code\tools_pc\softloader\04.code\softloader\3rd\math\math\skv_math_core.h(141): warning C4005: “MULT16_32_Q15”: 宏重定义 (编译源文件 ..\3rd\math\math\skv_fastmath.c)
  d:\worksvn\trunk\code\tools_pc\softloader\04.code\softloader\3rd\math\math\fixed_generic.h(86): note: 参见“MULT16_32_Q15”的前一个定义 (编译源文件 ..\3rd\math\math\skv_fastmath.c)
d:\worksvn\trunk\code\tools_pc\softloader\04.code\softloader\3rd\math\math\skv_math_core.h(142): warning C4005: “MULT16_32_P15”: 宏重定义 (编译源文件 ..\3rd\math\math\skv_fastmath.c)
  d:\worksvn\trunk\code\tools_pc\softloader\04.code\softloader\3rd\math\math\fixed_generic.h(85): note: 参见“MULT16_32_P15”的前一个定义 (编译源文件 ..\3rd\math\math\skv_fastmath.c)
d:\worksvn\trunk\code\tools_pc\softloader\04.code\softloader\3rd\math\math\skv_math_core.h(144): warning C4005: “MAC16_32_Q11”: 宏重定义 (编译源文件 ..\3rd\math\math\skv_fastmath.c)
  d:\worksvn\trunk\code\tools_pc\softloader\04.code\softloader\3rd\math\math\fixed_generic.h(83): note: 参见“MAC16_32_Q11”的前一个定义 (编译源文件 ..\3rd\math\math\skv_fastmath.c)
d:\worksvn\trunk\code\tools_pc\softloader\04.code\softloader\3rd\math\math\skv_math_core.h(145): warning C4005: “MAC16_32_Q15”: 宏重定义 (编译源文件 ..\3rd\math\math\skv_fastmath.c)
  d:\worksvn\trunk\code\tools_pc\softloader\04.code\softloader\3rd\math\math\fixed_generic.h(87): note: 参见“MAC16_32_Q15”的前一个定义 (编译源文件 ..\3rd\math\math\skv_fastmath.c)
d:\worksvn\trunk\code\tools_pc\softloader\04.code\softloader\3rd\math\math\skv_math_core.h(147): warning C4005: “MAC16_16_Q11”: 宏重定义 (编译源文件 ..\3rd\math\math\skv_fastmath.c)
  d:\worksvn\trunk\code\tools_pc\softloader\04.code\softloader\3rd\math\math\fixed_generic.h(90): note: 参见“MAC16_16_Q11”的前一个定义 (编译源文件 ..\3rd\math\math\skv_fastmath.c)
d:\worksvn\trunk\code\tools_pc\softloader\04.code\softloader\3rd\math\math\skv_math_core.h(148): warning C4005: “MAC16_16_Q13”: 宏重定义 (编译源文件 ..\3rd\math\math\skv_fastmath.c)
  d:\worksvn\trunk\code\tools_pc\softloader\04.code\softloader\3rd\math\math\fixed_generic.h(91): note: 参见“MAC16_16_Q13”的前一个定义 (编译源文件 ..\3rd\math\math\skv_fastmath.c)
d:\worksvn\trunk\code\tools_pc\softloader\04.code\softloader\3rd\math\math\skv_math_core.h(149): warning C4005: “MAC16_16_P13”: 宏重定义 (编译源文件 ..\3rd\math\math\skv_fastmath.c)
  d:\worksvn\trunk\code\tools_pc\softloader\04.code\softloader\3rd\math\math\fixed_generic.h(92): note: 参见“MAC16_16_P13”的前一个定义 (编译源文件 ..\3rd\math\math\skv_fastmath.c)
d:\worksvn\trunk\code\tools_pc\softloader\04.code\softloader\3rd\math\math\skv_math_core.h(150): warning C4005: “MULT16_16_Q11_32”: 宏重定义 (编译源文件 ..\3rd\math\math\skv_fastmath.c)
  d:\worksvn\trunk\code\tools_pc\softloader\04.code\softloader\3rd\math\math\fixed_generic.h(94): note: 参见“MULT16_16_Q11_32”的前一个定义 (编译源文件 ..\3rd\math\math\skv_fastmath.c)
d:\worksvn\trunk\code\tools_pc\softloader\04.code\softloader\3rd\math\math\skv_math_core.h(151): warning C4005: “MULT16_16_Q13”: 宏重定义 (编译源文件 ..\3rd\math\math\skv_fastmath.c)
  d:\worksvn\trunk\code\tools_pc\softloader\04.code\softloader\3rd\math\math\fixed_generic.h(95): note: 参见“MULT16_16_Q13”的前一个定义 (编译源文件 ..\3rd\math\math\skv_fastmath.c)
d:\worksvn\trunk\code\tools_pc\softloader\04.code\softloader\3rd\math\math\skv_math_core.h(152): warning C4005: “MULT16_16_Q14”: 宏重定义 (编译源文件 ..\3rd\math\math\skv_fastmath.c)
  d:\worksvn\trunk\code\tools_pc\softloader\04.code\softloader\3rd\math\math\fixed_generic.h(96): note: 参见“MULT16_16_Q14”的前一个定义 (编译源文件 ..\3rd\math\math\skv_fastmath.c)
d:\worksvn\trunk\code\tools_pc\softloader\04.code\softloader\3rd\math\math\skv_math_core.h(153): warning C4005: “MULT16_16_Q15”: 宏重定义 (编译源文件 ..\3rd\math\math\skv_fastmath.c)
  d:\worksvn\trunk\code\tools_pc\softloader\04.code\softloader\3rd\math\math\fixed_generic.h(97): note: 参见“MULT16_16_Q15”的前一个定义 (编译源文件 ..\3rd\math\math\skv_fastmath.c)
d:\worksvn\trunk\code\tools_pc\softloader\04.code\softloader\3rd\math\math\skv_math_core.h(154): warning C4005: “MULT16_16_P15”: 宏重定义 (编译源文件 ..\3rd\math\math\skv_fastmath.c)
  d:\worksvn\trunk\code\tools_pc\softloader\04.code\softloader\3rd\math\math\fixed_generic.h(101): note: 参见“MULT16_16_P15”的前一个定义 (编译源文件 ..\3rd\math\math\skv_fastmath.c)
d:\worksvn\trunk\code\tools_pc\softloader\04.code\softloader\3rd\math\math\skv_math_core.h(155): warning C4005: “MULT16_16_P13”: 宏重定义 (编译源文件 ..\3rd\math\math\skv_fastmath.c)
  d:\worksvn\trunk\code\tools_pc\softloader\04.code\softloader\3rd\math\math\fixed_generic.h(99): note: 参见“MULT16_16_P13”的前一个定义 (编译源文件 ..\3rd\math\math\skv_fastmath.c)
d:\worksvn\trunk\code\tools_pc\softloader\04.code\softloader\3rd\math\math\skv_math_core.h(156): warning C4005: “MULT16_16_P14”: 宏重定义 (编译源文件 ..\3rd\math\math\skv_fastmath.c)
  d:\worksvn\trunk\code\tools_pc\softloader\04.code\softloader\3rd\math\math\fixed_generic.h(100): note: 参见“MULT16_16_P14”的前一个定义 (编译源文件 ..\3rd\math\math\skv_fastmath.c)
d:\worksvn\trunk\code\tools_pc\softloader\04.code\softloader\3rd\math\math\skv_math_core.h(158): warning C4005: “DIV32_16”: 宏重定义 (编译源文件 ..\3rd\math\math\skv_fastmath.c)
  d:\worksvn\trunk\code\tools_pc\softloader\04.code\softloader\3rd\math\math\fixed_generic.h(105): note: 参见“DIV32_16”的前一个定义 (编译源文件 ..\3rd\math\math\skv_fastmath.c)
d:\worksvn\trunk\code\tools_pc\softloader\04.code\softloader\3rd\math\math\skv_math_core.h(159): warning C4005: “PDIV32_16”: 宏重定义 (编译源文件 ..\3rd\math\math\skv_fastmath.c)
  d:\worksvn\trunk\code\tools_pc\softloader\04.code\softloader\3rd\math\math\fixed_generic.h(106): note: 参见“PDIV32_16”的前一个定义 (编译源文件 ..\3rd\math\math\skv_fastmath.c)
d:\worksvn\trunk\code\tools_pc\softloader\04.code\softloader\3rd\math\math\skv_math_core.h(160): warning C4005: “DIV32”: 宏重定义 (编译源文件 ..\3rd\math\math\skv_fastmath.c)
  d:\worksvn\trunk\code\tools_pc\softloader\04.code\softloader\3rd\math\math\fixed_generic.h(107): note: 参见“DIV32”的前一个定义 (编译源文件 ..\3rd\math\math\skv_fastmath.c)
d:\worksvn\trunk\code\tools_pc\softloader\04.code\softloader\3rd\math\math\skv_math_core.h(161): warning C4005: “PDIV32”: 宏重定义 (编译源文件 ..\3rd\math\math\skv_fastmath.c)
  d:\worksvn\trunk\code\tools_pc\softloader\04.code\softloader\3rd\math\math\fixed_generic.h(108): note: 参见“PDIV32”的前一个定义 (编译源文件 ..\3rd\math\math\skv_fastmath.c)
  skv_fftwrap_fix.c
  skv_math.c
  smallft.c
  skv_wolf_function.c
d:\worksvn\trunk\code\tools_pc\softloader\04.code\softloader\3rd\math\math\skv_math_core.h(93): warning C4005: “Q15ONE”: 宏重定义 (编译源文件 ..\3rd\math\math\skv_math.c)
  d:\worksvn\trunk\code\tools_pc\softloader\04.code\softloader\3rd\math\basic\skv_fixed.h(19): note: 参见“Q15ONE”的前一个定义 (编译源文件 ..\3rd\math\math\skv_math.c)
d:\worksvn\trunk\code\tools_pc\softloader\04.code\softloader\3rd\math\math\skv_math_core.h(94): warning C4005: “LPC_SCALING”: 宏重定义 (编译源文件 ..\3rd\math\math\skv_math.c)
  d:\worksvn\trunk\code\tools_pc\softloader\04.code\softloader\3rd\math\basic\skv_fixed.h(20): note: 参见“LPC_SCALING”的前一个定义 (编译源文件 ..\3rd\math\math\skv_math.c)
d:\worksvn\trunk\code\tools_pc\softloader\04.code\softloader\3rd\math\math\skv_math_core.h(95): warning C4005: “SIG_SCALING”: 宏重定义 (编译源文件 ..\3rd\math\math\skv_math.c)
  d:\worksvn\trunk\code\tools_pc\softloader\04.code\softloader\3rd\math\basic\skv_fixed.h(21): note: 参见“SIG_SCALING”的前一个定义 (编译源文件 ..\3rd\math\math\skv_math.c)
d:\worksvn\trunk\code\tools_pc\softloader\04.code\softloader\3rd\math\math\skv_math_core.h(96): warning C4005: “LSP_SCALING”: 宏重定义 (编译源文件 ..\3rd\math\math\skv_math.c)
  d:\worksvn\trunk\code\tools_pc\softloader\04.code\softloader\3rd\math\basic\skv_fixed.h(22): note: 参见“LSP_SCALING”的前一个定义 (编译源文件 ..\3rd\math\math\skv_math.c)
d:\worksvn\trunk\code\tools_pc\softloader\04.code\softloader\3rd\math\math\skv_math_core.h(97): warning C4005: “GAMMA_SCALING”: 宏重定义 (编译源文件 ..\3rd\math\math\skv_math.c)
  d:\worksvn\trunk\code\tools_pc\softloader\04.code\softloader\3rd\math\basic\skv_fixed.h(23): note: 参见“GAMMA_SCALING”的前一个定义 (编译源文件 ..\3rd\math\math\skv_math.c)
d:\worksvn\trunk\code\tools_pc\softloader\04.code\softloader\3rd\math\math\skv_math_core.h(98): warning C4005: “GAIN_SCALING”: 宏重定义 (编译源文件 ..\3rd\math\math\skv_math.c)
  d:\worksvn\trunk\code\tools_pc\softloader\04.code\softloader\3rd\math\basic\skv_fixed.h(24): note: 参见“GAIN_SCALING”的前一个定义 (编译源文件 ..\3rd\math\math\skv_math.c)
d:\worksvn\trunk\code\tools_pc\softloader\04.code\softloader\3rd\math\math\skv_math_core.h(99): warning C4005: “GAIN_SCALING_1”: 宏重定义 (编译源文件 ..\3rd\math\math\skv_math.c)
  d:\worksvn\trunk\code\tools_pc\softloader\04.code\softloader\3rd\math\basic\skv_fixed.h(25): note: 参见“GAIN_SCALING_1”的前一个定义 (编译源文件 ..\3rd\math\math\skv_math.c)
d:\worksvn\trunk\code\tools_pc\softloader\04.code\softloader\3rd\math\math\skv_math_core.h(102): warning C4005: “VERY_SMALL”: 宏重定义 (编译源文件 ..\3rd\math\math\skv_math.c)
  d:\worksvn\trunk\code\tools_pc\softloader\04.code\softloader\3rd\math\basic\skv_fixed.h(32): note: 参见“VERY_SMALL”的前一个定义 (编译源文件 ..\3rd\math\math\skv_math.c)
d:\worksvn\trunk\code\tools_pc\softloader\04.code\softloader\3rd\math\math\skv_math_core.h(103): warning C4005: “VERY_LARGE32”: 宏重定义 (编译源文件 ..\3rd\math\math\skv_math.c)
  d:\worksvn\trunk\code\tools_pc\softloader\04.code\softloader\3rd\math\basic\skv_fixed.h(33): note: 参见“VERY_LARGE32”的前一个定义 (编译源文件 ..\3rd\math\math\skv_math.c)
d:\worksvn\trunk\code\tools_pc\softloader\04.code\softloader\3rd\math\math\skv_math_core.h(104): warning C4005: “VERY_LARGE16”: 宏重定义 (编译源文件 ..\3rd\math\math\skv_math.c)
  d:\worksvn\trunk\code\tools_pc\softloader\04.code\softloader\3rd\math\basic\skv_fixed.h(34): note: 参见“VERY_LARGE16”的前一个定义 (编译源文件 ..\3rd\math\math\skv_math.c)
d:\worksvn\trunk\code\tools_pc\softloader\04.code\softloader\3rd\math\math\skv_math_core.h(107): warning C4005: “QCONST16”: 宏重定义 (编译源文件 ..\3rd\math\math\skv_math.c)
  d:\worksvn\trunk\code\tools_pc\softloader\04.code\softloader\3rd\math\math\fixed_generic.h(38): note: 参见“QCONST16”的前一个定义 (编译源文件 ..\3rd\math\math\skv_math.c)
d:\worksvn\trunk\code\tools_pc\softloader\04.code\softloader\3rd\math\math\skv_math_core.h(108): warning C4005: “QCONST32”: 宏重定义 (编译源文件 ..\3rd\math\math\skv_math.c)
  d:\worksvn\trunk\code\tools_pc\softloader\04.code\softloader\3rd\math\math\fixed_generic.h(39): note: 参见“QCONST32”的前一个定义 (编译源文件 ..\3rd\math\math\skv_math.c)
d:\worksvn\trunk\code\tools_pc\softloader\04.code\softloader\3rd\math\math\skv_math_core.h(112): warning C4005: “EXTRACT16”: 宏重定义 (编译源文件 ..\3rd\math\math\skv_math.c)
  d:\worksvn\trunk\code\tools_pc\softloader\04.code\softloader\3rd\math\math\fixed_generic.h(43): note: 参见“EXTRACT16”的前一个定义 (编译源文件 ..\3rd\math\math\skv_math.c)
d:\worksvn\trunk\code\tools_pc\softloader\04.code\softloader\3rd\math\math\skv_math_core.h(113): warning C4005: “EXTEND32”: 宏重定义 (编译源文件 ..\3rd\math\math\skv_math.c)
  d:\worksvn\trunk\code\tools_pc\softloader\04.code\softloader\3rd\math\math\fixed_generic.h(44): note: 参见“EXTEND32”的前一个定义 (编译源文件 ..\3rd\math\math\skv_math.c)
d:\worksvn\trunk\code\tools_pc\softloader\04.code\softloader\3rd\math\math\skv_math_core.h(114): warning C4005: “SHR16”: 宏重定义 (编译源文件 ..\3rd\math\math\skv_math.c)
  d:\worksvn\trunk\code\tools_pc\softloader\04.code\softloader\3rd\math\math\fixed_generic.h(45): note: 参见“SHR16”的前一个定义 (编译源文件 ..\3rd\math\math\skv_math.c)
d:\worksvn\trunk\code\tools_pc\softloader\04.code\softloader\3rd\math\math\skv_math_core.h(115): warning C4005: “SHL16”: 宏重定义 (编译源文件 ..\3rd\math\math\skv_math.c)
  d:\worksvn\trunk\code\tools_pc\softloader\04.code\softloader\3rd\math\math\fixed_generic.h(46): note: 参见“SHL16”的前一个定义 (编译源文件 ..\3rd\math\math\skv_math.c)
d:\worksvn\trunk\code\tools_pc\softloader\04.code\softloader\3rd\math\math\skv_math_core.h(116): warning C4005: “SHR32”: 宏重定义 (编译源文件 ..\3rd\math\math\skv_math.c)
  d:\worksvn\trunk\code\tools_pc\softloader\04.code\softloader\3rd\math\math\fixed_generic.h(47): note: 参见“SHR32”的前一个定义 (编译源文件 ..\3rd\math\math\skv_math.c)
d:\worksvn\trunk\code\tools_pc\softloader\04.code\softloader\3rd\math\math\skv_math_core.h(117): warning C4005: “SHL32”: 宏重定义 (编译源文件 ..\3rd\math\math\skv_math.c)
  d:\worksvn\trunk\code\tools_pc\softloader\04.code\softloader\3rd\math\math\fixed_generic.h(48): note: 参见“SHL32”的前一个定义 (编译源文件 ..\3rd\math\math\skv_math.c)
d:\worksvn\trunk\code\tools_pc\softloader\04.code\softloader\3rd\math\math\skv_math_core.h(118): warning C4005: “PSHR16”: 宏重定义 (编译源文件 ..\3rd\math\math\skv_math.c)
  d:\worksvn\trunk\code\tools_pc\softloader\04.code\softloader\3rd\math\math\fixed_generic.h(49): note: 参见“PSHR16”的前一个定义 (编译源文件 ..\3rd\math\math\skv_math.c)
d:\worksvn\trunk\code\tools_pc\softloader\04.code\softloader\3rd\math\math\skv_math_core.h(119): warning C4005: “PSHR32”: 宏重定义 (编译源文件 ..\3rd\math\math\skv_math.c)
  d:\worksvn\trunk\code\tools_pc\softloader\04.code\softloader\3rd\math\math\fixed_generic.h(50): note: 参见“PSHR32”的前一个定义 (编译源文件 ..\3rd\math\math\skv_math.c)
d:\worksvn\trunk\code\tools_pc\softloader\04.code\softloader\3rd\math\math\skv_math_core.h(120): warning C4005: “VSHR32”: 宏重定义 (编译源文件 ..\3rd\math\math\skv_math.c)
  d:\worksvn\trunk\code\tools_pc\softloader\04.code\softloader\3rd\math\math\fixed_generic.h(51): note: 参见“VSHR32”的前一个定义 (编译源文件 ..\3rd\math\math\skv_math.c)
d:\worksvn\trunk\code\tools_pc\softloader\04.code\softloader\3rd\math\math\skv_math_core.h(121): warning C4005: “SATURATE16”: 宏重定义 (编译源文件 ..\3rd\math\math\skv_math.c)
  d:\worksvn\trunk\code\tools_pc\softloader\04.code\softloader\3rd\math\math\fixed_generic.h(52): note: 参见“SATURATE16”的前一个定义 (编译源文件 ..\3rd\math\math\skv_math.c)
d:\worksvn\trunk\code\tools_pc\softloader\04.code\softloader\3rd\math\math\skv_math_core.h(122): warning C4005: “SATURATE32”: 宏重定义 (编译源文件 ..\3rd\math\math\skv_math.c)
  d:\worksvn\trunk\code\tools_pc\softloader\04.code\softloader\3rd\math\math\fixed_generic.h(53): note: 参见“SATURATE32”的前一个定义 (编译源文件 ..\3rd\math\math\skv_math.c)
d:\worksvn\trunk\code\tools_pc\softloader\04.code\softloader\3rd\math\math\skv_math_core.h(123): warning C4005: “SATURATE32PSHR”: 宏重定义 (编译源文件 ..\3rd\math\math\skv_math.c)
  d:\worksvn\trunk\code\tools_pc\softloader\04.code\softloader\3rd\math\math\fixed_generic.h(57): note: 参见“SATURATE32PSHR”的前一个定义 (编译源文件 ..\3rd\math\math\skv_math.c)
d:\worksvn\trunk\code\tools_pc\softloader\04.code\softloader\3rd\math\math\skv_math_core.h(125): warning C4005: “PSHR”: 宏重定义 (编译源文件 ..\3rd\math\math\skv_math.c)
  d:\worksvn\trunk\code\tools_pc\softloader\04.code\softloader\3rd\math\math\fixed_generic.h(61): note: 参见“PSHR”的前一个定义 (编译源文件 ..\3rd\math\math\skv_math.c)
d:\worksvn\trunk\code\tools_pc\softloader\04.code\softloader\3rd\math\math\skv_math_core.h(126): warning C4005: “SHR”: 宏重定义 (编译源文件 ..\3rd\math\math\skv_math.c)
  d:\worksvn\trunk\code\tools_pc\softloader\04.code\softloader\3rd\math\math\fixed_generic.h(59): note: 参见“SHR”的前一个定义 (编译源文件 ..\3rd\math\math\skv_math.c)
d:\worksvn\trunk\code\tools_pc\softloader\04.code\softloader\3rd\math\math\skv_math_core.h(127): warning C4005: “SHL”: 宏重定义 (编译源文件 ..\3rd\math\math\skv_math.c)
  d:\worksvn\trunk\code\tools_pc\softloader\04.code\softloader\3rd\math\math\fixed_generic.h(60): note: 参见“SHL”的前一个定义 (编译源文件 ..\3rd\math\math\skv_math.c)
d:\worksvn\trunk\code\tools_pc\softloader\04.code\softloader\3rd\math\math\skv_math_core.h(128): warning C4005: “SATURATE”: 宏重定义 (编译源文件 ..\3rd\math\math\skv_math.c)
  d:\worksvn\trunk\code\tools_pc\softloader\04.code\softloader\3rd\math\math\fixed_generic.h(62): note: 参见“SATURATE”的前一个定义 (编译源文件 ..\3rd\math\math\skv_math.c)
d:\worksvn\trunk\code\tools_pc\softloader\04.code\softloader\3rd\math\math\skv_math_core.h(130): warning C4005: “ADD16”: 宏重定义 (编译源文件 ..\3rd\math\math\skv_math.c)
  d:\worksvn\trunk\code\tools_pc\softloader\04.code\softloader\3rd\math\math\fixed_generic.h(65): note: 参见“ADD16”的前一个定义 (编译源文件 ..\3rd\math\math\skv_math.c)
d:\worksvn\trunk\code\tools_pc\softloader\04.code\softloader\3rd\math\math\skv_math_core.h(131): warning C4005: “SUB16”: 宏重定义 (编译源文件 ..\3rd\math\math\skv_math.c)
  d:\worksvn\trunk\code\tools_pc\softloader\04.code\softloader\3rd\math\math\fixed_generic.h(66): note: 参见“SUB16”的前一个定义 (编译源文件 ..\3rd\math\math\skv_math.c)
d:\worksvn\trunk\code\tools_pc\softloader\04.code\softloader\3rd\math\math\skv_math_core.h(132): warning C4005: “ADD32”: 宏重定义 (编译源文件 ..\3rd\math\math\skv_math.c)
  d:\worksvn\trunk\code\tools_pc\softloader\04.code\softloader\3rd\math\math\fixed_generic.h(67): note: 参见“ADD32”的前一个定义 (编译源文件 ..\3rd\math\math\skv_math.c)
d:\worksvn\trunk\code\tools_pc\softloader\04.code\softloader\3rd\math\math\skv_math_core.h(133): warning C4005: “SUB32”: 宏重定义 (编译源文件 ..\3rd\math\math\skv_math.c)
  d:\worksvn\trunk\code\tools_pc\softloader\04.code\softloader\3rd\math\math\fixed_generic.h(68): note: 参见“SUB32”的前一个定义 (编译源文件 ..\3rd\math\math\skv_math.c)
d:\worksvn\trunk\code\tools_pc\softloader\04.code\softloader\3rd\math\math\skv_math_core.h(134): warning C4005: “MULT16_16_16”: 宏重定义 (编译源文件 ..\3rd\math\math\skv_math.c)
  d:\worksvn\trunk\code\tools_pc\softloader\04.code\softloader\3rd\math\math\fixed_generic.h(72): note: 参见“MULT16_16_16”的前一个定义 (编译源文件 ..\3rd\math\math\skv_math.c)
d:\worksvn\trunk\code\tools_pc\softloader\04.code\softloader\3rd\math\math\skv_math_core.h(135): warning C4005: “MULT16_16”: 宏重定义 (编译源文件 ..\3rd\math\math\skv_math.c)
  d:\worksvn\trunk\code\tools_pc\softloader\04.code\softloader\3rd\math\math\fixed_generic.h(75): note: 参见“MULT16_16”的前一个定义 (编译源文件 ..\3rd\math\math\skv_math.c)
d:\worksvn\trunk\code\tools_pc\softloader\04.code\softloader\3rd\math\math\skv_math_core.h(136): warning C4005: “MAC16_16”: 宏重定义 (编译源文件 ..\3rd\math\math\skv_math.c)
  d:\worksvn\trunk\code\tools_pc\softloader\04.code\softloader\3rd\math\math\fixed_generic.h(77): note: 参见“MAC16_16”的前一个定义 (编译源文件 ..\3rd\math\math\skv_math.c)
d:\worksvn\trunk\code\tools_pc\softloader\04.code\softloader\3rd\math\math\skv_math_core.h(138): warning C4005: “MULT16_32_Q11”: 宏重定义 (编译源文件 ..\3rd\math\math\skv_math.c)
  d:\worksvn\trunk\code\tools_pc\softloader\04.code\softloader\3rd\math\math\fixed_generic.h(82): note: 参见“MULT16_32_Q11”的前一个定义 (编译源文件 ..\3rd\math\math\skv_math.c)
d:\worksvn\trunk\code\tools_pc\softloader\04.code\softloader\3rd\math\math\skv_math_core.h(139): warning C4005: “MULT16_32_Q13”: 宏重定义 (编译源文件 ..\3rd\math\math\skv_math.c)
  d:\worksvn\trunk\code\tools_pc\softloader\04.code\softloader\3rd\math\math\fixed_generic.h(79): note: 参见“MULT16_32_Q13”的前一个定义 (编译源文件 ..\3rd\math\math\skv_math.c)
d:\worksvn\trunk\code\tools_pc\softloader\04.code\softloader\3rd\math\math\skv_math_core.h(140): warning C4005: “MULT16_32_Q14”: 宏重定义 (编译源文件 ..\3rd\math\math\skv_math.c)
  d:\worksvn\trunk\code\tools_pc\softloader\04.code\softloader\3rd\math\math\fixed_generic.h(80): note: 参见“MULT16_32_Q14”的前一个定义 (编译源文件 ..\3rd\math\math\skv_math.c)
d:\worksvn\trunk\code\tools_pc\softloader\04.code\softloader\3rd\math\math\skv_math_core.h(141): warning C4005: “MULT16_32_Q15”: 宏重定义 (编译源文件 ..\3rd\math\math\skv_math.c)
  d:\worksvn\trunk\code\tools_pc\softloader\04.code\softloader\3rd\math\math\fixed_generic.h(86): note: 参见“MULT16_32_Q15”的前一个定义 (编译源文件 ..\3rd\math\math\skv_math.c)
d:\worksvn\trunk\code\tools_pc\softloader\04.code\softloader\3rd\math\math\skv_math_core.h(142): warning C4005: “MULT16_32_P15”: 宏重定义 (编译源文件 ..\3rd\math\math\skv_math.c)
  d:\worksvn\trunk\code\tools_pc\softloader\04.code\softloader\3rd\math\math\fixed_generic.h(85): note: 参见“MULT16_32_P15”的前一个定义 (编译源文件 ..\3rd\math\math\skv_math.c)
d:\worksvn\trunk\code\tools_pc\softloader\04.code\softloader\3rd\math\math\skv_math_core.h(144): warning C4005: “MAC16_32_Q11”: 宏重定义 (编译源文件 ..\3rd\math\math\skv_math.c)
  d:\worksvn\trunk\code\tools_pc\softloader\04.code\softloader\3rd\math\math\fixed_generic.h(83): note: 参见“MAC16_32_Q11”的前一个定义 (编译源文件 ..\3rd\math\math\skv_math.c)
d:\worksvn\trunk\code\tools_pc\softloader\04.code\softloader\3rd\math\math\skv_math_core.h(145): warning C4005: “MAC16_32_Q15”: 宏重定义 (编译源文件 ..\3rd\math\math\skv_math.c)
  d:\worksvn\trunk\code\tools_pc\softloader\04.code\softloader\3rd\math\math\fixed_generic.h(87): note: 参见“MAC16_32_Q15”的前一个定义 (编译源文件 ..\3rd\math\math\skv_math.c)
d:\worksvn\trunk\code\tools_pc\softloader\04.code\softloader\3rd\math\math\skv_math_core.h(147): warning C4005: “MAC16_16_Q11”: 宏重定义 (编译源文件 ..\3rd\math\math\skv_math.c)
  d:\worksvn\trunk\code\tools_pc\softloader\04.code\softloader\3rd\math\math\fixed_generic.h(90): note: 参见“MAC16_16_Q11”的前一个定义 (编译源文件 ..\3rd\math\math\skv_math.c)
d:\worksvn\trunk\code\tools_pc\softloader\04.code\softloader\3rd\math\math\skv_math_core.h(148): warning C4005: “MAC16_16_Q13”: 宏重定义 (编译源文件 ..\3rd\math\math\skv_math.c)
  d:\worksvn\trunk\code\tools_pc\softloader\04.code\softloader\3rd\math\math\fixed_generic.h(91): note: 参见“MAC16_16_Q13”的前一个定义 (编译源文件 ..\3rd\math\math\skv_math.c)
d:\worksvn\trunk\code\tools_pc\softloader\04.code\softloader\3rd\math\math\skv_math_core.h(149): warning C4005: “MAC16_16_P13”: 宏重定义 (编译源文件 ..\3rd\math\math\skv_math.c)
  d:\worksvn\trunk\code\tools_pc\softloader\04.code\softloader\3rd\math\math\fixed_generic.h(92): note: 参见“MAC16_16_P13”的前一个定义 (编译源文件 ..\3rd\math\math\skv_math.c)
d:\worksvn\trunk\code\tools_pc\softloader\04.code\softloader\3rd\math\math\skv_math_core.h(150): warning C4005: “MULT16_16_Q11_32”: 宏重定义 (编译源文件 ..\3rd\math\math\skv_math.c)
  d:\worksvn\trunk\code\tools_pc\softloader\04.code\softloader\3rd\math\math\fixed_generic.h(94): note: 参见“MULT16_16_Q11_32”的前一个定义 (编译源文件 ..\3rd\math\math\skv_math.c)
d:\worksvn\trunk\code\tools_pc\softloader\04.code\softloader\3rd\math\math\skv_math_core.h(151): warning C4005: “MULT16_16_Q13”: 宏重定义 (编译源文件 ..\3rd\math\math\skv_math.c)
  d:\worksvn\trunk\code\tools_pc\softloader\04.code\softloader\3rd\math\math\fixed_generic.h(95): note: 参见“MULT16_16_Q13”的前一个定义 (编译源文件 ..\3rd\math\math\skv_math.c)
d:\worksvn\trunk\code\tools_pc\softloader\04.code\softloader\3rd\math\math\skv_math_core.h(152): warning C4005: “MULT16_16_Q14”: 宏重定义 (编译源文件 ..\3rd\math\math\skv_math.c)
  d:\worksvn\trunk\code\tools_pc\softloader\04.code\softloader\3rd\math\math\fixed_generic.h(96): note: 参见“MULT16_16_Q14”的前一个定义 (编译源文件 ..\3rd\math\math\skv_math.c)
d:\worksvn\trunk\code\tools_pc\softloader\04.code\softloader\3rd\math\math\skv_math_core.h(153): warning C4005: “MULT16_16_Q15”: 宏重定义 (编译源文件 ..\3rd\math\math\skv_math.c)
  d:\worksvn\trunk\code\tools_pc\softloader\04.code\softloader\3rd\math\math\fixed_generic.h(97): note: 参见“MULT16_16_Q15”的前一个定义 (编译源文件 ..\3rd\math\math\skv_math.c)
d:\worksvn\trunk\code\tools_pc\softloader\04.code\softloader\3rd\math\math\skv_math_core.h(154): warning C4005: “MULT16_16_P15”: 宏重定义 (编译源文件 ..\3rd\math\math\skv_math.c)
  d:\worksvn\trunk\code\tools_pc\softloader\04.code\softloader\3rd\math\math\fixed_generic.h(101): note: 参见“MULT16_16_P15”的前一个定义 (编译源文件 ..\3rd\math\math\skv_math.c)
d:\worksvn\trunk\code\tools_pc\softloader\04.code\softloader\3rd\math\math\skv_math_core.h(155): warning C4005: “MULT16_16_P13”: 宏重定义 (编译源文件 ..\3rd\math\math\skv_math.c)
  d:\worksvn\trunk\code\tools_pc\softloader\04.code\softloader\3rd\math\math\fixed_generic.h(99): note: 参见“MULT16_16_P13”的前一个定义 (编译源文件 ..\3rd\math\math\skv_math.c)
d:\worksvn\trunk\code\tools_pc\softloader\04.code\softloader\3rd\math\math\skv_math_core.h(156): warning C4005: “MULT16_16_P14”: 宏重定义 (编译源文件 ..\3rd\math\math\skv_math.c)
  d:\worksvn\trunk\code\tools_pc\softloader\04.code\softloader\3rd\math\math\fixed_generic.h(100): note: 参见“MULT16_16_P14”的前一个定义 (编译源文件 ..\3rd\math\math\skv_math.c)
d:\worksvn\trunk\code\tools_pc\softloader\04.code\softloader\3rd\math\math\skv_math_core.h(158): warning C4005: “DIV32_16”: 宏重定义 (编译源文件 ..\3rd\math\math\skv_math.c)
  d:\worksvn\trunk\code\tools_pc\softloader\04.code\softloader\3rd\math\math\fixed_generic.h(105): note: 参见“DIV32_16”的前一个定义 (编译源文件 ..\3rd\math\math\skv_math.c)
d:\worksvn\trunk\code\tools_pc\softloader\04.code\softloader\3rd\math\math\skv_math_core.h(159): warning C4005: “PDIV32_16”: 宏重定义 (编译源文件 ..\3rd\math\math\skv_math.c)
  d:\worksvn\trunk\code\tools_pc\softloader\04.code\softloader\3rd\math\math\fixed_generic.h(106): note: 参见“PDIV32_16”的前一个定义 (编译源文件 ..\3rd\math\math\skv_math.c)
d:\worksvn\trunk\code\tools_pc\softloader\04.code\softloader\3rd\math\math\skv_math_core.h(160): warning C4005: “DIV32”: 宏重定义 (编译源文件 ..\3rd\math\math\skv_math.c)
  d:\worksvn\trunk\code\tools_pc\softloader\04.code\softloader\3rd\math\math\fixed_generic.h(107): note: 参见“DIV32”的前一个定义 (编译源文件 ..\3rd\math\math\skv_math.c)
d:\worksvn\trunk\code\tools_pc\softloader\04.code\softloader\3rd\math\math\skv_math_core.h(161): warning C4005: “PDIV32”: 宏重定义 (编译源文件 ..\3rd\math\math\skv_math.c)
  d:\worksvn\trunk\code\tools_pc\softloader\04.code\softloader\3rd\math\math\fixed_generic.h(108): note: 参见“PDIV32”的前一个定义 (编译源文件 ..\3rd\math\math\skv_math.c)
  qrc_Resource.cpp
  moc_SpectrumAnalyser.cpp
  moc_QConfigAxisDlg.cpp
  moc_WaveChart.cpp
  moc_CalcWgt.cpp
  moc_LinkDlg.cpp
  moc_RealTimeEngine.cpp
  moc_QConfAudioDlg.cpp
  moc_QConfigIO.cpp
  moc_ANCSoft.cpp
  moc_QConfLineColorDlg.cpp
  moc_QWaveFilterDlg.cpp
  moc_ANCTool.cpp
  moc_HandleCom.cpp
  moc_SerialPortDlg.cpp
  moc_QAbstractDynamicLinesChart.cpp
  moc_qcustomplot.cpp
  moc_QFreqLinesChart.cpp
  moc_ANCToolPlugin.cpp
    正在创建库 ..\PluginLib\ANCToolPlugin.lib 和对象 ..\PluginLib\ANCToolPlugin.exp
  ANCToolPlugin.vcxproj -> D:\workSVN\trunk\code\tools_pc\SoftLoader\04.code\SoftLoader\ANCToolPlugin\..\Bin\Plugin\ANCToolPlugin.dll
