c:\mywork\workspace\visualstudio\lockdemo\lockdemo\lockdemo\release\lockdemo.pch
c:\mywork\workspace\visualstudio\lockdemo\lockdemo\lockdemo\release\vc120.pdb
c:\mywork\workspace\visualstudio\lockdemo\lockdemo\lockdemo\release\stdafx.obj
c:\mywork\workspace\visualstudio\lockdemo\lockdemo\lockdemo\release\pic_deal.obj
c:\mywork\workspace\visualstudio\lockdemo\lockdemo\lockdemo\release\packet.obj
c:\mywork\workspace\visualstudio\lockdemo\lockdemo\lockdemo\release\common.obj
c:\mywork\workspace\visualstudio\lockdemo\lockdemo\lockdemo\release\usb.obj
c:\mywork\workspace\visualstudio\lockdemo\lockdemo\lockdemo\release\lockdemodlg.obj
c:\mywork\workspace\visualstudio\lockdemo\lockdemo\lockdemo\release\lockdemo.obj
c:\mywork\workspace\visualstudio\lockdemo\lockdemo\release\lockdemo.exe
c:\mywork\workspace\visualstudio\lockdemo\lockdemo\release\lockdemo.pdb
c:\mywork\workspace\visualstudio\lockdemo\lockdemo\lockdemo\release\lockdemo.res
c:\mywork\workspace\visualstudio\lockdemo\lockdemo\lockdemo\release\lockdemo.tlog\cl.command.1.tlog
c:\mywork\workspace\visualstudio\lockdemo\lockdemo\lockdemo\release\lockdemo.tlog\cl.read.1.tlog
c:\mywork\workspace\visualstudio\lockdemo\lockdemo\lockdemo\release\lockdemo.tlog\cl.write.1.tlog
c:\mywork\workspace\visualstudio\lockdemo\lockdemo\lockdemo\release\lockdemo.tlog\link.command.1.tlog
c:\mywork\workspace\visualstudio\lockdemo\lockdemo\lockdemo\release\lockdemo.tlog\link.read.1.tlog
c:\mywork\workspace\visualstudio\lockdemo\lockdemo\lockdemo\release\lockdemo.tlog\link.write.1.tlog
c:\mywork\workspace\visualstudio\lockdemo\lockdemo\lockdemo\release\lockdemo.tlog\rc.command.1.tlog
c:\mywork\workspace\visualstudio\lockdemo\lockdemo\lockdemo\release\lockdemo.tlog\rc.read.1.tlog
c:\mywork\workspace\visualstudio\lockdemo\lockdemo\lockdemo\release\lockdemo.tlog\rc.write.1.tlog
